[2025-09-17 21:49:41,605] [INFO] 开始顺序保活，共 2 个账号
[2025-09-17 21:49:41,606] [INFO] 正在处理第 1/2 个账号: 吉林云电脑
[2025-09-17 21:49:41,617] [INFO] 开始保活账号: 吉林云电脑
[2025-09-17 21:49:41,624] [INFO] [吉林云电脑] 正在启动浏览器...
[2025-09-17 21:49:47,972] [INFO] [吉林云电脑] 正在访问登录页面...
[2025-09-17 21:49:53,364] [INFO] [吉林云电脑] 正在登录...
[2025-09-17 21:49:53,503] [INFO] [吉林云电脑] 账号输入完成
[2025-09-17 21:49:53,603] [INFO] [吉林云电脑] 密码输入完成
[2025-09-17 21:49:53,682] [INFO] [吉林云电脑] 已点击登录按钮
[2025-09-17 21:49:53,683] [INFO] [吉林云电脑] 等待登录完成...
[2025-09-17 21:50:01,714] [INFO] [吉林云电脑] 当前页面URL: https://pc.ctyun.cn/#/desktop-list
[2025-09-17 21:50:01,715] [INFO] [吉林云电脑] 登录成功，已进入云桌面列表
[2025-09-17 21:50:01,717] [INFO] [吉林云电脑] 正在查找云桌面进入按钮...
[2025-09-17 21:50:01,748] [INFO] [吉林云电脑] 找到云桌面进入按钮（span元素）
[2025-09-17 21:50:01,749] [INFO] [吉林云电脑] 正在点击进入云桌面...
[2025-09-17 21:50:01,816] [INFO] [吉林云电脑] 等待云桌面加载...
[2025-09-17 21:50:03,632] [INFO] [吉林云电脑] 云桌面加载成功，URL: https://pc.ctyun.cn/#/desktop?id=MTMzMzcwMjc=
[2025-09-17 21:50:03,787] [INFO] [吉林云电脑] 截图已保存: static/account_1_screenshot.png
[2025-09-17 21:50:03,811] [INFO] [吉林云电脑] 保活信号发送成功
[2025-09-17 21:50:03,813] [INFO] [吉林云电脑] 保活操作成功完成
[2025-09-17 21:50:06,203] [INFO] [吉林云电脑] 浏览器已关闭
[2025-09-17 21:50:06,204] [INFO] 等待 5 秒后处理下一个账号...
[2025-09-17 21:50:11,205] [INFO] 正在处理第 2/2 个账号: 河北保定阿福卡
[2025-09-17 21:50:11,206] [INFO] 开始保活账号: 河北保定阿福卡
[2025-09-17 21:50:11,208] [INFO] [河北保定阿福卡] 正在启动浏览器...
[2025-09-17 21:50:12,343] [INFO] [河北保定阿福卡] 正在访问登录页面...
[2025-09-17 21:50:18,157] [INFO] [河北保定阿福卡] 正在登录...
[2025-09-17 21:50:18,244] [INFO] [河北保定阿福卡] 账号输入完成
[2025-09-17 21:50:18,375] [INFO] [河北保定阿福卡] 密码输入完成
[2025-09-17 21:50:18,469] [INFO] [河北保定阿福卡] 已点击登录按钮
[2025-09-17 21:50:18,469] [INFO] [河北保定阿福卡] 等待登录完成...
[2025-09-17 21:50:26,483] [INFO] [河北保定阿福卡] 当前页面URL: https://pc.ctyun.cn/#/desktop-list
[2025-09-17 21:50:26,483] [INFO] [河北保定阿福卡] 登录成功，已进入云桌面列表
[2025-09-17 21:50:26,484] [INFO] [河北保定阿福卡] 正在查找云桌面进入按钮...
[2025-09-17 21:50:26,502] [INFO] [河北保定阿福卡] 找到云桌面进入按钮（span元素）
[2025-09-17 21:50:26,502] [INFO] [河北保定阿福卡] 正在点击进入云桌面...
[2025-09-17 21:50:26,542] [INFO] [河北保定阿福卡] 等待云桌面加载...
[2025-09-17 21:50:27,743] [INFO] [河北保定阿福卡] 云桌面加载成功，URL: https://pc.ctyun.cn/#/desktop?id=MTg2MzY5MDc=
[2025-09-17 21:50:27,919] [INFO] [河北保定阿福卡] 截图已保存: static/account_3_screenshot.png
[2025-09-17 21:50:27,940] [INFO] [河北保定阿福卡] 保活信号发送成功
[2025-09-17 21:50:27,941] [INFO] [河北保定阿福卡] 保活操作成功完成
[2025-09-17 21:50:30,158] [INFO] [河北保定阿福卡] 浏览器已关闭
[2025-09-17 21:50:30,159] [INFO] 顺序保活完成，成功: 2/2
[2025-09-17 21:54:44,880] [INFO] 添加账号: 河北衡水29 (18931814049)
[2025-09-17 21:54:57,663] [INFO] 开始顺序保活，共 3 个账号
[2025-09-17 21:54:57,663] [INFO] 正在处理第 1/3 个账号: 吉林云电脑
[2025-09-17 21:54:57,670] [INFO] 开始保活账号: 吉林云电脑
[2025-09-17 21:54:57,678] [INFO] [吉林云电脑] 正在启动浏览器...
[2025-09-17 21:54:58,910] [INFO] [吉林云电脑] 正在访问登录页面...
[2025-09-17 21:55:03,498] [INFO] [吉林云电脑] 正在登录...
[2025-09-17 21:55:03,601] [INFO] [吉林云电脑] 账号输入完成
[2025-09-17 21:55:03,683] [INFO] [吉林云电脑] 密码输入完成
[2025-09-17 21:55:03,749] [INFO] [吉林云电脑] 已点击登录按钮
[2025-09-17 21:55:03,749] [INFO] [吉林云电脑] 等待登录完成...
[2025-09-17 21:55:11,785] [INFO] [吉林云电脑] 当前页面URL: https://pc.ctyun.cn/#/desktop-list
[2025-09-17 21:55:11,785] [INFO] [吉林云电脑] 登录成功，已进入云桌面列表
[2025-09-17 21:55:11,787] [INFO] [吉林云电脑] 正在查找云桌面进入按钮...
[2025-09-17 21:55:11,803] [INFO] [吉林云电脑] 找到云桌面进入按钮（span元素）
[2025-09-17 21:55:11,804] [INFO] [吉林云电脑] 正在点击进入云桌面...
[2025-09-17 21:55:11,874] [INFO] [吉林云电脑] 等待云桌面加载...
[2025-09-17 21:55:13,110] [INFO] [吉林云电脑] 云桌面加载成功，URL: https://pc.ctyun.cn/#/desktop?id=MTMzMzcwMjc=
[2025-09-17 21:55:13,110] [INFO] [吉林云电脑] 等待云桌面完全加载，避免截图显示加载画面...
[2025-09-17 21:55:23,446] [INFO] [吉林云电脑] 截图已保存: static/吉林云电脑_18943535261_screenshot.png
[2025-09-17 21:55:23,454] [INFO] [吉林云电脑] 保活信号发送成功
[2025-09-17 21:55:23,456] [INFO] [吉林云电脑] 保活操作成功完成
[2025-09-17 21:55:25,663] [INFO] [吉林云电脑] 浏览器已关闭
[2025-09-17 21:55:25,663] [INFO] 等待 5 秒后处理下一个账号...
[2025-09-17 21:55:30,663] [INFO] 正在处理第 2/3 个账号: 河北保定阿福卡
[2025-09-17 21:55:30,664] [INFO] 开始保活账号: 河北保定阿福卡
[2025-09-17 21:55:30,668] [INFO] [河北保定阿福卡] 正在启动浏览器...
[2025-09-17 21:55:31,853] [INFO] [河北保定阿福卡] 正在访问登录页面...
[2025-09-17 21:55:36,583] [INFO] [河北保定阿福卡] 正在登录...
[2025-09-17 21:55:36,720] [INFO] [河北保定阿福卡] 账号输入完成
[2025-09-17 21:55:36,828] [INFO] [河北保定阿福卡] 密码输入完成
[2025-09-17 21:55:36,934] [INFO] [河北保定阿福卡] 已点击登录按钮
[2025-09-17 21:55:36,934] [INFO] [河北保定阿福卡] 等待登录完成...
[2025-09-17 21:55:44,965] [INFO] [河北保定阿福卡] 当前页面URL: https://pc.ctyun.cn/#/login
[2025-09-17 21:55:44,966] [ERROR] [河北保定阿福卡] 保活失败: 登录后页面异常，当前URL: https://pc.ctyun.cn/#/login
[2025-09-17 21:55:45,119] [INFO] [河北保定阿福卡] 错误截图已保存: static/河北保定阿福卡_15354122464_error.png
[2025-09-17 21:55:47,265] [INFO] [河北保定阿福卡] 浏览器已关闭
[2025-09-17 21:55:47,266] [INFO] 等待 5 秒后处理下一个账号...
[2025-09-18 07:38:13,306] [INFO] 删除账号: 验证码测试账号
[2025-09-18 07:38:21,696] [INFO] 开始顺序保活，共 1 个账号
[2025-09-18 07:38:21,696] [INFO] 正在处理第 1/1 个账号: 河北保定阿福卡
[2025-09-18 07:38:21,715] [INFO] 开始保活账号: 河北保定阿福卡
[2025-09-18 07:38:21,744] [INFO] [河北保定阿福卡] 正在启动浏览器...
[2025-09-18 07:38:21,887] [ERROR] [河北保定阿福卡] 保活失败: Message: Unable to obtain driver for chrome; For documentation on this error, please visit: https://www.selenium.dev/documentation/webdriver/troubleshooting/errors/driver_location

[2025-09-18 07:38:21,893] [INFO] 顺序保活完成，成功: 0/1
[2025-09-18 07:41:37,639] [INFO] 开始顺序保活，共 1 个账号
[2025-09-18 07:41:37,669] [INFO] 正在处理第 1/1 个账号: 河北保定阿福卡
[2025-09-18 07:41:37,711] [INFO] 开始保活账号: 河北保定阿福卡
[2025-09-18 07:41:37,740] [INFO] [河北保定阿福卡] 正在启动浏览器...
[2025-09-18 07:42:08,190] [ERROR] [河北保定阿福卡] 保活失败: Message: unknown error: no chrome binary at C:\Program Files\Google\Chrome\Application\chrome.exe
Stacktrace:
Backtrace:
	GetHandleVerifier [0x00F1A813+48355]
	(No symbol) [0x00EAC4B1]
	(No symbol) [0x00DB5358]
	(No symbol) [0x00DD1A33]
	(No symbol) [0x00DD0579]
	(No symbol) [0x00E00C55]
	(No symbol) [0x00E0093C]
	(No symbol) [0x00DFA536]
	(No symbol) [0x00DD82DC]
	(No symbol) [0x00DD93DD]
	GetHandleVerifier [0x0117AABD+2539405]
	GetHandleVerifier [0x011BA78F+2800735]
	GetHandleVerifier [0x011B456C+2775612]
	GetHandleVerifier [0x00FA51E0+616112]
	(No symbol) [0x00EB5F8C]
	(No symbol) [0x00EB2328]
	(No symbol) [0x00EB240B]
	(No symbol) [0x00EA4FF7]
	BaseThreadInitThunk [0x751705C9+25]
	RtlGetAppContainerNamedObjectPath [0x77047C5D+237]
	RtlGetAppContainerNamedObjectPath [0x77047C2D+189]

[2025-09-18 07:42:08,200] [INFO] 顺序保活完成，成功: 0/1
[2025-09-18 07:47:22,048] [INFO] 开始顺序保活，共 1 个账号
[2025-09-18 07:47:22,049] [INFO] 正在处理第 1/1 个账号: 河北保定阿福卡
[2025-09-18 07:47:22,062] [INFO] 开始保活账号: 河北保定阿福卡
[2025-09-18 07:47:22,076] [INFO] [河北保定阿福卡] 正在启动浏览器...
[2025-09-18 07:47:50,153] [ERROR] [河北保定阿福卡] 保活失败: Message: unknown error: no chrome binary at C:\Program Files\Google\Chrome\Application\chrome.exe
Stacktrace:
Backtrace:
	GetHandleVerifier [0x00A1A813+48355]
	(No symbol) [0x009AC4B1]
	(No symbol) [0x008B5358]
	(No symbol) [0x008D1A33]
	(No symbol) [0x008D0579]
	(No symbol) [0x00900C55]
	(No symbol) [0x0090093C]
	(No symbol) [0x008FA536]
	(No symbol) [0x008D82DC]
	(No symbol) [0x008D93DD]
	GetHandleVerifier [0x00C7AABD+2539405]
	GetHandleVerifier [0x00CBA78F+2800735]
	GetHandleVerifier [0x00CB456C+2775612]
	GetHandleVerifier [0x00AA51E0+616112]
	(No symbol) [0x009B5F8C]
	(No symbol) [0x009B2328]
	(No symbol) [0x009B240B]
	(No symbol) [0x009A4FF7]
	BaseThreadInitThunk [0x751705C9+25]
	RtlGetAppContainerNamedObjectPath [0x77047C5D+237]
	RtlGetAppContainerNamedObjectPath [0x77047C2D+189]

[2025-09-18 07:47:50,158] [INFO] 顺序保活完成，成功: 0/1
[2025-09-18 07:54:42,767] [INFO] 开始顺序保活，共 1 个账号
[2025-09-18 07:54:42,777] [INFO] 正在处理第 1/1 个账号: 河北保定阿福卡
[2025-09-18 07:54:42,784] [INFO] 开始保活账号: 河北保定阿福卡
[2025-09-18 07:54:42,798] [INFO] [河北保定阿福卡] 正在启动浏览器...
[2025-09-18 07:55:03,637] [ERROR] [河北保定阿福卡] 保活失败: Could not reach host. Are you offline?
[2025-09-18 07:55:03,640] [INFO] 顺序保活完成，成功: 0/1
[2025-09-18 08:01:47,898] [INFO] 开始顺序保活，共 1 个账号
[2025-09-18 08:01:47,908] [INFO] 正在处理第 1/1 个账号: 河北保定阿福卡
[2025-09-18 08:01:47,914] [INFO] 开始保活账号: 河北保定阿福卡
[2025-09-18 08:01:47,929] [INFO] [河北保定阿福卡] 正在启动浏览器...
[2025-09-18 08:01:47,940] [INFO] 使用系统Edge驱动（无需网络下载）
[2025-09-18 08:01:53,257] [INFO] [河北保定阿福卡] 正在访问登录页面...
[2025-09-18 08:01:57,739] [INFO] [河北保定阿福卡] 正在登录...
[2025-09-18 08:01:57,980] [INFO] [河北保定阿福卡] 账号输入完成
[2025-09-18 08:01:58,143] [INFO] [河北保定阿福卡] 密码输入完成
[2025-09-18 08:01:58,260] [INFO] [河北保定阿福卡] 已点击登录按钮
[2025-09-18 08:02:01,275] [INFO] [河北保定阿福卡] 无需验证码或验证码处理完成
[2025-09-18 08:02:01,276] [INFO] [河北保定阿福卡] 等待登录完成...
[2025-09-18 08:02:06,292] [INFO] [河北保定阿福卡] 当前页面URL: https://pc.ctyun.cn/#/desktop-list
[2025-09-18 08:02:06,293] [INFO] [河北保定阿福卡] 登录成功，已进入云桌面列表
[2025-09-18 08:02:06,303] [INFO] [河北保定阿福卡] 正在查找云桌面进入按钮...
[2025-09-18 08:02:06,330] [INFO] [河北保定阿福卡] 找到云桌面进入按钮（span元素）
[2025-09-18 08:02:06,331] [INFO] [河北保定阿福卡] 正在点击进入云桌面...
[2025-09-18 08:02:06,425] [INFO] [河北保定阿福卡] 等待云桌面加载...
[2025-09-18 08:02:07,435] [INFO] [河北保定阿福卡] 云桌面加载成功，URL: https://pc.ctyun.cn/#/desktop?id=MTg2MzY5MDc=
[2025-09-18 08:02:07,436] [INFO] [河北保定阿福卡] 等待云桌面完全加载，避免截图显示加载画面...
[2025-09-18 08:02:17,473] [INFO] [河北保定阿福卡] 截图已保存: static/河北保定阿福卡_15354122464_screenshot.png
[2025-09-18 08:02:17,484] [INFO] [河北保定阿福卡] 保活信号发送成功
[2025-09-18 08:02:17,487] [INFO] [河北保定阿福卡] 保活操作成功完成
[2025-09-18 08:02:18,738] [INFO] [河北保定阿福卡] 浏览器已关闭
[2025-09-18 08:02:18,738] [INFO] 顺序保活完成，成功: 1/1
[2025-09-18 08:06:59,468] [INFO] 开始顺序保活，共 2 个账号
[2025-09-18 08:06:59,492] [INFO] 正在处理第 1/2 个账号: 吉林云电脑
[2025-09-18 08:06:59,507] [INFO] 开始保活账号: 吉林云电脑
[2025-09-18 08:06:59,526] [INFO] [吉林云电脑] 正在启动浏览器...
[2025-09-18 08:06:59,537] [INFO] 使用本地Edge驱动: C:\Projects\ctyun_keepalive\msedgedriver.exe
[2025-09-18 08:07:00,969] [INFO] [吉林云电脑] 正在访问登录页面...
[2025-09-18 08:07:05,657] [INFO] [吉林云电脑] 正在登录...
[2025-09-18 08:07:05,987] [INFO] [吉林云电脑] 账号输入完成
[2025-09-18 08:07:06,154] [INFO] [吉林云电脑] 密码输入完成
[2025-09-18 08:07:06,294] [INFO] [吉林云电脑] 已点击登录按钮
[2025-09-18 08:07:09,312] [INFO] [吉林云电脑] 无需验证码或验证码处理完成
[2025-09-18 08:07:09,313] [INFO] [吉林云电脑] 等待登录完成...
[2025-09-18 08:07:14,329] [INFO] [吉林云电脑] 当前页面URL: https://pc.ctyun.cn/#/desktop-list
[2025-09-18 08:07:14,330] [INFO] [吉林云电脑] 登录成功，已进入云桌面列表
[2025-09-18 08:07:14,333] [INFO] [吉林云电脑] 正在查找云桌面进入按钮...
[2025-09-18 08:07:14,357] [INFO] [吉林云电脑] 找到云桌面进入按钮（span元素）
[2025-09-18 08:07:14,358] [INFO] [吉林云电脑] 正在点击进入云桌面...
[2025-09-18 08:07:14,475] [INFO] [吉林云电脑] 等待云桌面加载...
[2025-09-18 08:07:15,497] [INFO] [吉林云电脑] 云桌面加载成功，URL: https://pc.ctyun.cn/#/desktop?id=MTMzMzcwMjc=
[2025-09-18 08:07:15,497] [INFO] [吉林云电脑] 等待云桌面完全加载，避免截图显示加载画面...
[2025-09-18 08:07:25,641] [INFO] [吉林云电脑] 截图已保存: static/吉林云电脑_18943535261_screenshot.png
[2025-09-18 08:07:25,651] [INFO] [吉林云电脑] 保活信号发送成功
[2025-09-18 08:07:25,655] [INFO] [吉林云电脑] 保活操作成功完成
[2025-09-18 08:07:26,979] [INFO] [吉林云电脑] 浏览器已关闭
[2025-09-18 08:07:26,980] [INFO] 等待 5 秒后处理下一个账号...
[2025-09-18 08:07:31,984] [INFO] 正在处理第 2/2 个账号: 河北衡水29
[2025-09-18 08:07:31,986] [INFO] 开始保活账号: 河北衡水29
[2025-09-18 08:07:32,007] [INFO] [河北衡水29] 正在启动浏览器...
[2025-09-18 08:07:32,013] [INFO] 使用本地Edge驱动: C:\Projects\ctyun_keepalive\msedgedriver.exe
[2025-09-18 08:07:33,266] [INFO] [河北衡水29] 正在访问登录页面...
[2025-09-18 08:07:37,606] [INFO] [河北衡水29] 正在登录...
[2025-09-18 08:07:37,817] [INFO] [河北衡水29] 账号输入完成
[2025-09-18 08:07:37,948] [INFO] [河北衡水29] 密码输入完成
[2025-09-18 08:07:38,063] [INFO] [河北衡水29] 已点击登录按钮
[2025-09-18 08:07:41,081] [INFO] [河北衡水29] 无需验证码或验证码处理完成
[2025-09-18 08:07:41,081] [INFO] [河北衡水29] 等待登录完成...
[2025-09-18 08:07:46,091] [INFO] [河北衡水29] 当前页面URL: https://pc.ctyun.cn/#/desktop-list
[2025-09-18 08:07:46,092] [INFO] [河北衡水29] 登录成功，已进入云桌面列表
[2025-09-18 08:07:46,095] [INFO] [河北衡水29] 正在查找云桌面进入按钮...
[2025-09-18 08:07:46,116] [INFO] [河北衡水29] 找到云桌面进入按钮（span元素）
[2025-09-18 08:07:46,117] [INFO] [河北衡水29] 正在点击进入云桌面...
[2025-09-18 08:07:46,202] [INFO] [河北衡水29] 等待云桌面加载...
[2025-09-18 08:07:47,215] [INFO] [河北衡水29] 云桌面加载成功，URL: https://pc.ctyun.cn/#/desktop?id=MTg2NjYwOTc=
[2025-09-18 08:07:47,215] [INFO] [河北衡水29] 等待云桌面完全加载，避免截图显示加载画面...
[2025-09-18 08:07:57,350] [INFO] [河北衡水29] 截图已保存: static/河北衡水29_18931814049_screenshot.png
[2025-09-18 08:07:57,359] [INFO] [河北衡水29] 保活信号发送成功
[2025-09-18 08:07:57,365] [INFO] [河北衡水29] 保活操作成功完成
[2025-09-18 08:07:59,699] [INFO] [河北衡水29] 浏览器已关闭
[2025-09-18 08:07:59,699] [INFO] 顺序保活完成，成功: 2/2
[2025-09-18 08:09:40,422] [INFO] 开始顺序保活，共 2 个账号
[2025-09-18 08:09:40,423] [INFO] 正在处理第 1/2 个账号: 吉林云电脑
[2025-09-18 08:09:40,438] [INFO] 开始保活账号: 吉林云电脑
[2025-09-18 08:09:40,452] [INFO] [吉林云电脑] 正在启动浏览器...
[2025-09-18 08:09:40,465] [INFO] 使用本地Edge驱动: C:\Projects\ctyun_keepalive\msedgedriver.exe
[2025-09-18 08:09:42,011] [INFO] [吉林云电脑] 正在访问登录页面...
[2025-09-18 08:09:46,543] [INFO] [吉林云电脑] 正在登录...
[2025-09-18 08:09:46,844] [INFO] [吉林云电脑] 账号输入完成
[2025-09-18 08:09:47,037] [INFO] [吉林云电脑] 密码输入完成
[2025-09-18 08:09:47,150] [INFO] [吉林云电脑] 已点击登录按钮
[2025-09-18 08:09:50,169] [INFO] [吉林云电脑] 无需验证码或验证码处理完成
[2025-09-18 08:09:50,170] [INFO] [吉林云电脑] 等待登录完成...
[2025-09-18 08:09:55,187] [INFO] [吉林云电脑] 当前页面URL: https://pc.ctyun.cn/#/desktop-list
[2025-09-18 08:09:55,188] [INFO] [吉林云电脑] 登录成功，已进入云桌面列表
[2025-09-18 08:09:55,210] [INFO] [吉林云电脑] 正在查找云桌面进入按钮...
[2025-09-18 08:09:55,239] [INFO] [吉林云电脑] 找到云桌面进入按钮（span元素）
[2025-09-18 08:09:55,239] [INFO] [吉林云电脑] 正在点击进入云桌面...
[2025-09-18 08:09:55,352] [INFO] [吉林云电脑] 等待云桌面加载...
[2025-09-18 08:09:56,389] [INFO] [吉林云电脑] 云桌面加载成功，URL: https://pc.ctyun.cn/#/desktop?id=MTMzMzcwMjc=
[2025-09-18 08:09:56,389] [INFO] [吉林云电脑] 等待云桌面完全加载，避免截图显示加载画面...
[2025-09-18 08:10:16,766] [INFO] [吉林云电脑] 截图已保存: static/吉林云电脑_18943535261_screenshot.png
[2025-09-18 08:10:16,776] [INFO] [吉林云电脑] 保活信号发送成功
[2025-09-18 08:10:16,778] [INFO] [吉林云电脑] 保活操作成功完成
[2025-09-18 08:10:18,026] [INFO] [吉林云电脑] 浏览器已关闭
[2025-09-18 08:10:18,027] [INFO] 等待 5 秒后处理下一个账号...
[2025-09-18 08:10:23,029] [INFO] 正在处理第 2/2 个账号: 河北衡水29
[2025-09-18 08:10:23,029] [INFO] 开始保活账号: 河北衡水29
[2025-09-18 08:10:23,033] [INFO] [河北衡水29] 正在启动浏览器...
[2025-09-18 08:10:23,036] [INFO] 使用本地Edge驱动: C:\Projects\ctyun_keepalive\msedgedriver.exe
[2025-09-18 08:10:24,300] [INFO] [河北衡水29] 正在访问登录页面...
[2025-09-18 08:10:29,121] [INFO] [河北衡水29] 正在登录...
[2025-09-18 08:10:29,346] [INFO] [河北衡水29] 账号输入完成
[2025-09-18 08:10:29,478] [INFO] [河北衡水29] 密码输入完成
[2025-09-18 08:10:29,583] [INFO] [河北衡水29] 已点击登录按钮
[2025-09-18 08:10:32,601] [INFO] [河北衡水29] 无需验证码或验证码处理完成
[2025-09-18 08:10:32,602] [INFO] [河北衡水29] 等待登录完成...
[2025-09-18 08:10:37,612] [INFO] [河北衡水29] 当前页面URL: https://pc.ctyun.cn/#/desktop-list
[2025-09-18 08:10:37,613] [INFO] [河北衡水29] 登录成功，已进入云桌面列表
[2025-09-18 08:10:37,616] [INFO] [河北衡水29] 正在查找云桌面进入按钮...
[2025-09-18 08:10:37,637] [INFO] [河北衡水29] 找到云桌面进入按钮（span元素）
[2025-09-18 08:10:37,637] [INFO] [河北衡水29] 正在点击进入云桌面...
[2025-09-18 08:10:37,737] [INFO] [河北衡水29] 等待云桌面加载...
[2025-09-18 08:10:39,752] [INFO] [河北衡水29] 云桌面加载成功，URL: https://pc.ctyun.cn/#/desktop?id=MTg2NjYwOTc=
[2025-09-18 08:10:39,753] [INFO] [河北衡水29] 等待云桌面完全加载，避免截图显示加载画面...
[2025-09-18 08:11:00,085] [INFO] [河北衡水29] 截图已保存: static/河北衡水29_18931814049_screenshot.png
[2025-09-18 08:11:00,096] [INFO] [河北衡水29] 保活信号发送成功
[2025-09-18 08:11:00,102] [INFO] [河北衡水29] 保活操作成功完成
[2025-09-18 08:11:01,390] [INFO] [河北衡水29] 浏览器已关闭
[2025-09-18 08:11:01,391] [INFO] 顺序保活完成，成功: 2/2
[2025-09-18 08:30:25,858] [INFO] 开始顺序保活，共 2 个账号
[2025-09-18 08:30:25,859] [INFO] 正在处理第 1/2 个账号: 吉林云电脑
[2025-09-18 08:30:25,913] [INFO] 开始保活账号: 吉林云电脑
[2025-09-18 08:30:25,944] [INFO] [吉林云电脑] 正在启动浏览器...
[2025-09-18 08:30:25,963] [INFO] 使用本地Edge驱动: C:\Projects\ctyun_keepalive\msedgedriver.exe
[2025-09-18 08:30:27,511] [INFO] [吉林云电脑] 正在访问登录页面...
[2025-09-18 08:30:32,080] [INFO] [吉林云电脑] 正在登录...
[2025-09-18 08:30:32,399] [INFO] [吉林云电脑] 账号输入完成
[2025-09-18 08:30:32,563] [INFO] [吉林云电脑] 密码输入完成
[2025-09-18 08:30:32,725] [INFO] [吉林云电脑] 已点击登录按钮
[2025-09-18 08:30:35,756] [INFO] [吉林云电脑] 无需验证码或验证码处理完成
[2025-09-18 08:30:35,756] [INFO] [吉林云电脑] 等待登录完成...
[2025-09-18 08:30:40,787] [INFO] [吉林云电脑] 当前页面URL: https://pc.ctyun.cn/#/desktop-list
[2025-09-18 08:30:40,787] [INFO] [吉林云电脑] 登录成功，已进入云桌面列表
[2025-09-18 08:30:40,798] [INFO] [吉林云电脑] 正在查找云桌面进入按钮...
[2025-09-18 08:30:40,818] [INFO] [吉林云电脑] 找到云桌面进入按钮（span元素）
[2025-09-18 08:30:40,819] [INFO] [吉林云电脑] 正在点击进入云桌面...
[2025-09-18 08:30:40,949] [INFO] [吉林云电脑] 等待云桌面加载...
[2025-09-18 08:30:41,962] [INFO] [吉林云电脑] 云桌面加载成功，URL: https://pc.ctyun.cn/#/desktop?id=MTMzMzcwMjc=
[2025-09-18 08:30:41,963] [INFO] [吉林云电脑] 等待云桌面完全加载，避免截图显示加载画面...
[2025-09-18 08:31:02,413] [INFO] [吉林云电脑] 截图已保存: static/吉林云电脑_18943535261_screenshot.png
[2025-09-18 08:31:02,457] [INFO] [吉林云电脑] 保活信号发送成功
[2025-09-18 08:31:02,460] [INFO] [吉林云电脑] 保活操作成功完成
[2025-09-18 08:31:03,718] [INFO] [吉林云电脑] 浏览器已关闭
[2025-09-18 08:31:03,719] [INFO] 等待 5 秒后处理下一个账号...
[2025-09-18 08:31:08,721] [INFO] 正在处理第 2/2 个账号: 河北衡水29
[2025-09-18 08:31:08,722] [INFO] 开始保活账号: 河北衡水29
[2025-09-18 08:31:08,740] [INFO] [河北衡水29] 正在启动浏览器...
[2025-09-18 08:31:08,742] [INFO] 使用本地Edge驱动: C:\Projects\ctyun_keepalive\msedgedriver.exe
[2025-09-18 08:31:10,196] [INFO] [河北衡水29] 正在访问登录页面...
[2025-09-18 08:31:13,376] [INFO] [河北衡水29] 正在登录...
[2025-09-18 08:31:13,594] [INFO] [河北衡水29] 账号输入完成
[2025-09-18 08:31:13,801] [INFO] [河北衡水29] 密码输入完成
[2025-09-18 08:31:13,957] [INFO] [河北衡水29] 已点击登录按钮
[2025-09-18 08:31:16,980] [INFO] [河北衡水29] 无需验证码或验证码处理完成
[2025-09-18 08:31:16,980] [INFO] [河北衡水29] 等待登录完成...
[2025-09-18 08:31:21,990] [INFO] [河北衡水29] 当前页面URL: https://pc.ctyun.cn/#/desktop-list
[2025-09-18 08:31:21,991] [INFO] [河北衡水29] 登录成功，已进入云桌面列表
[2025-09-18 08:31:21,994] [INFO] [河北衡水29] 正在查找云桌面进入按钮...
[2025-09-18 08:31:22,026] [INFO] [河北衡水29] 找到云桌面进入按钮（span元素）
[2025-09-18 08:31:22,027] [INFO] [河北衡水29] 正在点击进入云桌面...
[2025-09-18 08:31:22,177] [INFO] [河北衡水29] 等待云桌面加载...
[2025-09-18 08:31:23,187] [INFO] [河北衡水29] 云桌面加载成功，URL: https://pc.ctyun.cn/#/desktop?id=MTg2NjYwOTc=
[2025-09-18 08:31:23,188] [INFO] [河北衡水29] 等待云桌面完全加载，避免截图显示加载画面...
[2025-09-18 08:31:43,555] [INFO] [河北衡水29] 截图已保存: static/河北衡水29_18931814049_screenshot.png
[2025-09-18 08:31:43,576] [INFO] [河北衡水29] 保活信号发送成功
[2025-09-18 08:31:43,584] [INFO] [河北衡水29] 保活操作成功完成
[2025-09-18 08:31:44,853] [INFO] [河北衡水29] 浏览器已关闭
[2025-09-18 08:31:44,854] [INFO] 顺序保活完成，成功: 2/2
[2025-09-18 09:26:28,167] [INFO] 定时调度器已启动，间隔: 5 分钟
[2025-09-18 09:26:58,324] [INFO] 开始顺序保活，共 2 个账号
[2025-09-18 09:26:58,325] [INFO] 正在处理第 1/2 个账号: 吉林云电脑
[2025-09-18 09:26:58,327] [INFO] 开始保活账号: 吉林云电脑
[2025-09-18 09:26:58,330] [INFO] [吉林云电脑] 正在启动浏览器...
[2025-09-18 09:26:58,332] [INFO] 使用本地Edge驱动: C:\Projects\ctyun_keepalive\msedgedriver.exe
[2025-09-18 09:26:59,704] [INFO] [吉林云电脑] 正在访问登录页面...
[2025-09-18 09:27:04,527] [INFO] [吉林云电脑] 正在登录...
[2025-09-18 09:27:04,838] [INFO] [吉林云电脑] 账号输入完成
[2025-09-18 09:27:04,969] [INFO] [吉林云电脑] 密码输入完成
[2025-09-18 09:27:05,100] [INFO] [吉林云电脑] 已点击登录按钮
[2025-09-18 09:27:08,119] [INFO] [吉林云电脑] 无需验证码或验证码处理完成
[2025-09-18 09:27:08,120] [INFO] [吉林云电脑] 等待登录完成...
[2025-09-18 09:27:13,132] [INFO] [吉林云电脑] 当前页面URL: https://pc.ctyun.cn/#/desktop-list
[2025-09-18 09:27:13,133] [INFO] [吉林云电脑] 登录成功，已进入云桌面列表
[2025-09-18 09:27:13,136] [INFO] [吉林云电脑] 正在查找云桌面进入按钮...
[2025-09-18 09:27:13,159] [INFO] [吉林云电脑] 找到云桌面进入按钮（span元素）
[2025-09-18 09:27:13,159] [INFO] [吉林云电脑] 正在点击进入云桌面...
[2025-09-18 09:27:13,295] [INFO] [吉林云电脑] 等待云桌面加载...
[2025-09-18 09:27:14,310] [INFO] [吉林云电脑] 云桌面加载成功，URL: https://pc.ctyun.cn/#/desktop?id=MTMzMzcwMjc=
[2025-09-18 09:27:14,311] [INFO] [吉林云电脑] 等待云桌面完全加载，避免截图显示加载画面...
[2025-09-18 09:27:34,698] [INFO] [吉林云电脑] 截图已保存: static/吉林云电脑_18943535261_screenshot.png
[2025-09-18 09:27:34,707] [INFO] [吉林云电脑] 保活信号发送成功
[2025-09-18 09:27:34,710] [INFO] [吉林云电脑] 保活操作成功完成
[2025-09-18 09:27:36,011] [INFO] [吉林云电脑] 浏览器已关闭
[2025-09-18 09:27:36,012] [INFO] 等待 5 秒后处理下一个账号...
[2025-09-18 09:27:41,013] [INFO] 正在处理第 2/2 个账号: 河北衡水29
[2025-09-18 09:27:41,014] [INFO] 开始保活账号: 河北衡水29
[2025-09-18 09:27:41,018] [INFO] [河北衡水29] 正在启动浏览器...
[2025-09-18 09:27:41,020] [INFO] 使用本地Edge驱动: C:\Projects\ctyun_keepalive\msedgedriver.exe
[2025-09-18 09:27:42,405] [INFO] [河北衡水29] 正在访问登录页面...
[2025-09-18 09:27:47,248] [INFO] [河北衡水29] 正在登录...
[2025-09-18 09:27:47,496] [INFO] [河北衡水29] 账号输入完成
[2025-09-18 09:27:47,647] [INFO] [河北衡水29] 密码输入完成
[2025-09-18 09:27:47,769] [INFO] [河北衡水29] 已点击登录按钮
[2025-09-18 09:27:50,788] [INFO] [河北衡水29] 无需验证码或验证码处理完成
[2025-09-18 09:27:50,789] [INFO] [河北衡水29] 等待登录完成...
[2025-09-18 09:27:55,799] [INFO] [河北衡水29] 当前页面URL: https://pc.ctyun.cn/#/desktop-list
[2025-09-18 09:27:55,800] [INFO] [河北衡水29] 登录成功，已进入云桌面列表
[2025-09-18 09:27:55,803] [INFO] [河北衡水29] 正在查找云桌面进入按钮...
[2025-09-18 09:27:55,823] [INFO] [河北衡水29] 找到云桌面进入按钮（span元素）
[2025-09-18 09:27:55,824] [INFO] [河北衡水29] 正在点击进入云桌面...
[2025-09-18 09:27:55,917] [INFO] [河北衡水29] 等待云桌面加载...
[2025-09-18 09:27:56,926] [INFO] [河北衡水29] 云桌面加载成功，URL: https://pc.ctyun.cn/#/desktop?id=MTg2NjYwOTc=
[2025-09-18 09:27:56,927] [INFO] [河北衡水29] 等待云桌面完全加载，避免截图显示加载画面...
[2025-09-18 09:28:17,266] [INFO] [河北衡水29] 截图已保存: static/河北衡水29_18931814049_screenshot.png
[2025-09-18 09:28:17,281] [INFO] [河北衡水29] 保活信号发送成功
[2025-09-18 09:28:17,288] [INFO] [河北衡水29] 保活操作成功完成
[2025-09-18 09:28:18,549] [INFO] [河北衡水29] 浏览器已关闭
[2025-09-18 09:28:18,549] [INFO] 顺序保活完成，成功: 2/2
[2025-09-18 09:31:28,183] [INFO] 执行定时保活任务
[2025-09-18 09:31:28,185] [INFO] 开始顺序保活，共 2 个账号
[2025-09-18 09:31:28,190] [INFO] 正在处理第 1/2 个账号: 吉林云电脑
[2025-09-18 09:31:28,191] [INFO] 开始保活账号: 吉林云电脑
[2025-09-18 09:31:28,194] [INFO] [吉林云电脑] 正在启动浏览器...
[2025-09-18 09:31:28,197] [INFO] 使用本地Edge驱动: C:\Projects\ctyun_keepalive\msedgedriver.exe
[2025-09-18 09:31:29,642] [INFO] [吉林云电脑] 正在访问登录页面...
[2025-09-18 09:31:34,218] [INFO] [吉林云电脑] 正在登录...
[2025-09-18 09:31:34,489] [INFO] [吉林云电脑] 账号输入完成
[2025-09-18 09:31:34,656] [INFO] [吉林云电脑] 密码输入完成
[2025-09-18 09:31:34,798] [INFO] [吉林云电脑] 已点击登录按钮
[2025-09-18 09:31:37,819] [INFO] [吉林云电脑] 无需验证码或验证码处理完成
[2025-09-18 09:31:37,820] [INFO] [吉林云电脑] 等待登录完成...
[2025-09-18 09:31:42,829] [INFO] [吉林云电脑] 当前页面URL: https://pc.ctyun.cn/#/desktop-list
[2025-09-18 09:31:42,829] [INFO] [吉林云电脑] 登录成功，已进入云桌面列表
[2025-09-18 09:31:42,832] [INFO] [吉林云电脑] 正在查找云桌面进入按钮...
[2025-09-18 09:31:42,852] [INFO] [吉林云电脑] 找到云桌面进入按钮（span元素）
[2025-09-18 09:31:42,853] [INFO] [吉林云电脑] 正在点击进入云桌面...
[2025-09-18 09:31:42,985] [INFO] [吉林云电脑] 等待云桌面加载...
[2025-09-18 09:31:44,009] [INFO] [吉林云电脑] 云桌面加载成功，URL: https://pc.ctyun.cn/#/desktop?id=MTMzMzcwMjc=
[2025-09-18 09:31:44,010] [INFO] [吉林云电脑] 等待云桌面完全加载，避免截图显示加载画面...
[2025-09-18 09:32:04,379] [INFO] [吉林云电脑] 截图已保存: static/吉林云电脑_18943535261_screenshot.png
[2025-09-18 09:32:04,389] [INFO] [吉林云电脑] 保活信号发送成功
[2025-09-18 09:32:04,395] [INFO] [吉林云电脑] 保活操作成功完成
[2025-09-18 09:32:05,654] [INFO] [吉林云电脑] 浏览器已关闭
[2025-09-18 09:32:05,654] [INFO] 等待 5 秒后处理下一个账号...
[2025-09-18 09:32:10,655] [INFO] 正在处理第 2/2 个账号: 河北衡水29
[2025-09-18 09:32:10,656] [INFO] 开始保活账号: 河北衡水29
[2025-09-18 09:32:10,658] [INFO] [河北衡水29] 正在启动浏览器...
[2025-09-18 09:32:10,660] [INFO] 使用本地Edge驱动: C:\Projects\ctyun_keepalive\msedgedriver.exe
[2025-09-18 09:32:11,972] [INFO] [河北衡水29] 正在访问登录页面...
[2025-09-18 09:32:16,804] [INFO] [河北衡水29] 正在登录...
[2025-09-18 09:32:17,050] [INFO] [河北衡水29] 账号输入完成
[2025-09-18 09:32:17,198] [INFO] [河北衡水29] 密码输入完成
[2025-09-18 09:32:17,321] [INFO] [河北衡水29] 已点击登录按钮
[2025-09-18 09:32:20,350] [INFO] [河北衡水29] 无需验证码或验证码处理完成
[2025-09-18 09:32:20,350] [INFO] [河北衡水29] 等待登录完成...
[2025-09-18 09:32:25,362] [INFO] [河北衡水29] 当前页面URL: https://pc.ctyun.cn/#/desktop-list
[2025-09-18 09:32:25,363] [INFO] [河北衡水29] 登录成功，已进入云桌面列表
[2025-09-18 09:32:25,366] [INFO] [河北衡水29] 正在查找云桌面进入按钮...
[2025-09-18 09:32:25,386] [INFO] [河北衡水29] 找到云桌面进入按钮（span元素）
[2025-09-18 09:32:25,387] [INFO] [河北衡水29] 正在点击进入云桌面...
[2025-09-18 09:32:25,480] [INFO] [河北衡水29] 等待云桌面加载...
[2025-09-18 09:32:26,501] [INFO] [河北衡水29] 云桌面加载成功，URL: https://pc.ctyun.cn/#/desktop?id=MTg2NjYwOTc=
[2025-09-18 09:32:26,501] [INFO] [河北衡水29] 等待云桌面完全加载，避免截图显示加载画面...
[2025-09-18 09:32:46,827] [INFO] [河北衡水29] 截图已保存: static/河北衡水29_18931814049_screenshot.png
[2025-09-18 09:32:46,838] [INFO] [河北衡水29] 保活信号发送成功
[2025-09-18 09:32:46,844] [INFO] [河北衡水29] 保活操作成功完成
[2025-09-18 09:32:48,117] [INFO] [河北衡水29] 浏览器已关闭
[2025-09-18 09:32:48,118] [INFO] 顺序保活完成，成功: 2/2
[2025-09-18 09:36:28,191] [INFO] 执行定时保活任务
[2025-09-18 09:36:28,195] [INFO] 开始顺序保活，共 2 个账号
[2025-09-18 09:36:28,203] [INFO] 正在处理第 1/2 个账号: 吉林云电脑
[2025-09-18 09:36:28,209] [INFO] 开始保活账号: 吉林云电脑
[2025-09-18 09:36:28,219] [INFO] [吉林云电脑] 正在启动浏览器...
[2025-09-18 09:36:28,227] [INFO] 使用本地Edge驱动: C:\Projects\ctyun_keepalive\msedgedriver.exe
[2025-09-18 09:36:29,871] [INFO] [吉林云电脑] 正在访问登录页面...
[2025-09-18 09:36:34,421] [INFO] [吉林云电脑] 正在登录...
[2025-09-18 09:36:34,689] [INFO] [吉林云电脑] 账号输入完成
[2025-09-18 09:36:34,826] [INFO] [吉林云电脑] 密码输入完成
[2025-09-18 09:36:34,950] [INFO] [吉林云电脑] 已点击登录按钮
[2025-09-18 09:36:37,969] [INFO] [吉林云电脑] 无需验证码或验证码处理完成
[2025-09-18 09:36:37,970] [INFO] [吉林云电脑] 等待登录完成...
[2025-09-18 09:36:42,985] [INFO] [吉林云电脑] 当前页面URL: https://pc.ctyun.cn/#/desktop-list
[2025-09-18 09:36:42,986] [INFO] [吉林云电脑] 登录成功，已进入云桌面列表
[2025-09-18 09:36:42,998] [INFO] [吉林云电脑] 正在查找云桌面进入按钮...
[2025-09-18 09:36:43,020] [INFO] [吉林云电脑] 找到云桌面进入按钮（span元素）
[2025-09-18 09:36:43,020] [INFO] [吉林云电脑] 正在点击进入云桌面...
[2025-09-18 09:36:43,137] [INFO] [吉林云电脑] 等待云桌面加载...
[2025-09-18 09:36:44,146] [INFO] [吉林云电脑] 云桌面加载成功，URL: https://pc.ctyun.cn/#/desktop?id=MTMzMzcwMjc=
[2025-09-18 09:36:44,147] [INFO] [吉林云电脑] 等待云桌面完全加载，避免截图显示加载画面...
[2025-09-18 09:37:04,541] [INFO] [吉林云电脑] 截图已保存: static/吉林云电脑_18943535261_screenshot.png
[2025-09-18 09:37:04,552] [INFO] [吉林云电脑] 保活信号发送成功
[2025-09-18 09:37:04,559] [INFO] [吉林云电脑] 保活操作成功完成
[2025-09-18 09:37:05,790] [INFO] [吉林云电脑] 浏览器已关闭
[2025-09-18 09:37:05,791] [INFO] 等待 5 秒后处理下一个账号...
[2025-09-18 09:37:10,796] [INFO] 正在处理第 2/2 个账号: 河北衡水29
[2025-09-18 09:37:10,797] [INFO] 开始保活账号: 河北衡水29
[2025-09-18 09:37:10,810] [INFO] [河北衡水29] 正在启动浏览器...
[2025-09-18 09:37:10,817] [INFO] 使用本地Edge驱动: C:\Projects\ctyun_keepalive\msedgedriver.exe
[2025-09-18 09:37:12,261] [INFO] [河北衡水29] 正在访问登录页面...
[2025-09-18 09:37:16,520] [INFO] [河北衡水29] 正在登录...
[2025-09-18 09:37:16,798] [INFO] [河北衡水29] 账号输入完成
[2025-09-18 09:37:16,930] [INFO] [河北衡水29] 密码输入完成
[2025-09-18 09:37:17,098] [INFO] [河北衡水29] 已点击登录按钮
[2025-09-18 09:37:20,117] [INFO] [河北衡水29] 无需验证码或验证码处理完成
[2025-09-18 09:37:20,117] [INFO] [河北衡水29] 等待登录完成...
[2025-09-18 09:37:25,132] [INFO] [河北衡水29] 当前页面URL: https://pc.ctyun.cn/#/desktop-list
[2025-09-18 09:37:25,133] [INFO] [河北衡水29] 登录成功，已进入云桌面列表
[2025-09-18 09:37:25,144] [INFO] [河北衡水29] 正在查找云桌面进入按钮...
[2025-09-18 09:37:25,165] [INFO] [河北衡水29] 找到云桌面进入按钮（span元素）
[2025-09-18 09:37:25,165] [INFO] [河北衡水29] 正在点击进入云桌面...
[2025-09-18 09:37:25,255] [INFO] [河北衡水29] 等待云桌面加载...
[2025-09-18 09:37:26,263] [INFO] [河北衡水29] 云桌面加载成功，URL: https://pc.ctyun.cn/#/desktop?id=MTg2NjYwOTc=
[2025-09-18 09:37:26,264] [INFO] [河北衡水29] 等待云桌面完全加载，避免截图显示加载画面...
[2025-09-18 09:37:46,607] [INFO] [河北衡水29] 截图已保存: static/河北衡水29_18931814049_screenshot.png
[2025-09-18 09:37:46,617] [INFO] [河北衡水29] 保活信号发送成功
[2025-09-18 09:37:46,623] [INFO] [河北衡水29] 保活操作成功完成
[2025-09-18 09:37:47,806] [INFO] [河北衡水29] 浏览器已关闭
[2025-09-18 09:37:47,806] [INFO] 顺序保活完成，成功: 2/2
[2025-09-18 09:41:28,198] [INFO] 执行定时保活任务
[2025-09-18 09:41:28,201] [INFO] 开始顺序保活，共 2 个账号
[2025-09-18 09:41:28,212] [INFO] 正在处理第 1/2 个账号: 吉林云电脑
[2025-09-18 09:41:28,218] [INFO] 开始保活账号: 吉林云电脑
[2025-09-18 09:41:28,230] [INFO] [吉林云电脑] 正在启动浏览器...
[2025-09-18 09:41:28,237] [INFO] 使用本地Edge驱动: C:\Projects\ctyun_keepalive\msedgedriver.exe
[2025-09-18 09:41:29,742] [INFO] [吉林云电脑] 正在访问登录页面...
[2025-09-18 09:41:34,122] [INFO] [吉林云电脑] 正在登录...
[2025-09-18 09:41:34,406] [INFO] [吉林云电脑] 账号输入完成
[2025-09-18 09:41:34,614] [INFO] [吉林云电脑] 密码输入完成
[2025-09-18 09:41:34,746] [INFO] [吉林云电脑] 已点击登录按钮
[2025-09-18 09:41:37,764] [INFO] [吉林云电脑] 无需验证码或验证码处理完成
[2025-09-18 09:41:37,765] [INFO] [吉林云电脑] 等待登录完成...
[2025-09-18 09:41:42,779] [INFO] [吉林云电脑] 当前页面URL: https://pc.ctyun.cn/#/desktop-list
[2025-09-18 09:41:42,780] [INFO] [吉林云电脑] 登录成功，已进入云桌面列表
[2025-09-18 09:41:42,790] [INFO] [吉林云电脑] 正在查找云桌面进入按钮...
[2025-09-18 09:41:42,810] [INFO] [吉林云电脑] 找到云桌面进入按钮（span元素）
[2025-09-18 09:41:42,810] [INFO] [吉林云电脑] 正在点击进入云桌面...
[2025-09-18 09:41:42,907] [INFO] [吉林云电脑] 等待云桌面加载...
[2025-09-18 09:41:43,915] [INFO] [吉林云电脑] 云桌面加载成功，URL: https://pc.ctyun.cn/#/desktop?id=MTMzMzcwMjc=
[2025-09-18 09:41:43,916] [INFO] [吉林云电脑] 等待云桌面完全加载，避免截图显示加载画面...
[2025-09-18 09:42:04,341] [INFO] [吉林云电脑] 截图已保存: static/吉林云电脑_18943535261_screenshot.png
[2025-09-18 09:42:04,353] [INFO] [吉林云电脑] 保活信号发送成功
[2025-09-18 09:42:04,359] [INFO] [吉林云电脑] 保活操作成功完成
[2025-09-18 09:42:05,537] [INFO] [吉林云电脑] 浏览器已关闭
[2025-09-18 09:42:05,538] [INFO] 等待 5 秒后处理下一个账号...
[2025-09-18 09:42:10,544] [INFO] 正在处理第 2/2 个账号: 河北衡水29
[2025-09-18 09:42:10,545] [INFO] 开始保活账号: 河北衡水29
[2025-09-18 09:42:10,559] [INFO] [河北衡水29] 正在启动浏览器...
[2025-09-18 09:42:10,567] [INFO] 使用本地Edge驱动: C:\Projects\ctyun_keepalive\msedgedriver.exe
[2025-09-18 09:42:11,845] [INFO] [河北衡水29] 正在访问登录页面...
[2025-09-18 09:42:16,651] [INFO] [河北衡水29] 正在登录...
[2025-09-18 09:42:16,868] [INFO] [河北衡水29] 账号输入完成
[2025-09-18 09:42:16,995] [INFO] [河北衡水29] 密码输入完成
[2025-09-18 09:42:17,117] [INFO] [河北衡水29] 已点击登录按钮
[2025-09-18 09:42:20,136] [INFO] [河北衡水29] 无需验证码或验证码处理完成
[2025-09-18 09:42:20,136] [INFO] [河北衡水29] 等待登录完成...
[2025-09-18 09:42:25,150] [INFO] [河北衡水29] 当前页面URL: https://pc.ctyun.cn/#/desktop-list
[2025-09-18 09:42:25,150] [INFO] [河北衡水29] 登录成功，已进入云桌面列表
[2025-09-18 09:42:25,160] [INFO] [河北衡水29] 正在查找云桌面进入按钮...
[2025-09-18 09:42:25,179] [INFO] [河北衡水29] 找到云桌面进入按钮（span元素）
[2025-09-18 09:42:25,180] [INFO] [河北衡水29] 正在点击进入云桌面...
[2025-09-18 09:42:25,276] [INFO] [河北衡水29] 等待云桌面加载...
[2025-09-18 09:42:26,294] [INFO] [河北衡水29] 云桌面加载成功，URL: https://pc.ctyun.cn/#/desktop?id=MTg2NjYwOTc=
[2025-09-18 09:42:26,295] [INFO] [河北衡水29] 等待云桌面完全加载，避免截图显示加载画面...
[2025-09-18 09:42:46,590] [INFO] [河北衡水29] 截图已保存: static/河北衡水29_18931814049_screenshot.png
[2025-09-18 09:42:46,600] [INFO] [河北衡水29] 保活信号发送成功
[2025-09-18 09:42:46,607] [INFO] [河北衡水29] 保活操作成功完成
[2025-09-18 09:42:47,796] [INFO] [河北衡水29] 浏览器已关闭
[2025-09-18 09:42:47,797] [INFO] 顺序保活完成，成功: 2/2
[2025-09-18 09:46:28,205] [INFO] 执行定时保活任务
[2025-09-18 09:46:28,209] [INFO] 开始顺序保活，共 2 个账号
[2025-09-18 09:46:28,215] [INFO] 正在处理第 1/2 个账号: 吉林云电脑
[2025-09-18 09:46:28,221] [INFO] 开始保活账号: 吉林云电脑
[2025-09-18 09:46:28,235] [INFO] [吉林云电脑] 正在启动浏览器...
[2025-09-18 09:46:28,241] [INFO] 使用本地Edge驱动: C:\Projects\ctyun_keepalive\msedgedriver.exe
[2025-09-18 09:46:29,764] [INFO] [吉林云电脑] 正在访问登录页面...
[2025-09-18 09:46:34,211] [INFO] [吉林云电脑] 正在登录...
[2025-09-18 09:46:34,462] [INFO] [吉林云电脑] 账号输入完成
[2025-09-18 09:46:34,608] [INFO] [吉林云电脑] 密码输入完成
[2025-09-18 09:46:34,742] [INFO] [吉林云电脑] 已点击登录按钮
[2025-09-18 09:46:37,761] [INFO] [吉林云电脑] 无需验证码或验证码处理完成
[2025-09-18 09:46:37,762] [INFO] [吉林云电脑] 等待登录完成...
[2025-09-18 09:46:42,777] [INFO] [吉林云电脑] 当前页面URL: https://pc.ctyun.cn/#/desktop-list
[2025-09-18 09:46:42,778] [INFO] [吉林云电脑] 登录成功，已进入云桌面列表
[2025-09-18 09:46:42,790] [INFO] [吉林云电脑] 正在查找云桌面进入按钮...
[2025-09-18 09:46:42,808] [INFO] [吉林云电脑] 找到云桌面进入按钮（span元素）
[2025-09-18 09:46:42,809] [INFO] [吉林云电脑] 正在点击进入云桌面...
[2025-09-18 09:46:42,904] [INFO] [吉林云电脑] 等待云桌面加载...
[2025-09-18 09:46:43,914] [INFO] [吉林云电脑] 云桌面加载成功，URL: https://pc.ctyun.cn/#/desktop?id=MTMzMzcwMjc=
[2025-09-18 09:46:43,915] [INFO] [吉林云电脑] 等待云桌面完全加载，避免截图显示加载画面...
[2025-09-18 09:47:04,303] [INFO] [吉林云电脑] 截图已保存: static/吉林云电脑_18943535261_screenshot.png
[2025-09-18 09:47:04,313] [INFO] [吉林云电脑] 保活信号发送成功
[2025-09-18 09:47:04,319] [INFO] [吉林云电脑] 保活操作成功完成
[2025-09-18 09:47:05,509] [INFO] [吉林云电脑] 浏览器已关闭
[2025-09-18 09:47:05,510] [INFO] 等待 5 秒后处理下一个账号...
[2025-09-18 09:47:10,515] [INFO] 正在处理第 2/2 个账号: 河北衡水29
[2025-09-18 09:47:10,516] [INFO] 开始保活账号: 河北衡水29
[2025-09-18 09:47:10,526] [INFO] [河北衡水29] 正在启动浏览器...
[2025-09-18 09:47:10,532] [INFO] 使用本地Edge驱动: C:\Projects\ctyun_keepalive\msedgedriver.exe
[2025-09-18 09:47:11,847] [INFO] [河北衡水29] 正在访问登录页面...
[2025-09-18 09:47:16,201] [INFO] [河北衡水29] 正在登录...
[2025-09-18 09:47:16,429] [INFO] [河北衡水29] 账号输入完成
[2025-09-18 09:47:16,607] [INFO] [河北衡水29] 密码输入完成
[2025-09-18 09:47:16,734] [INFO] [河北衡水29] 已点击登录按钮
[2025-09-18 09:47:19,752] [INFO] [河北衡水29] 无需验证码或验证码处理完成
[2025-09-18 09:47:19,752] [INFO] [河北衡水29] 等待登录完成...
[2025-09-18 09:47:24,768] [INFO] [河北衡水29] 当前页面URL: https://pc.ctyun.cn/#/desktop-list
[2025-09-18 09:47:24,768] [INFO] [河北衡水29] 登录成功，已进入云桌面列表
[2025-09-18 09:47:24,778] [INFO] [河北衡水29] 正在查找云桌面进入按钮...
[2025-09-18 09:47:24,798] [INFO] [河北衡水29] 找到云桌面进入按钮（span元素）
[2025-09-18 09:47:24,799] [INFO] [河北衡水29] 正在点击进入云桌面...
[2025-09-18 09:47:24,902] [INFO] [河北衡水29] 等待云桌面加载...
[2025-09-18 09:47:26,011] [INFO] [河北衡水29] 云桌面加载成功，URL: https://pc.ctyun.cn/#/desktop?id=MTg2NjYwOTc=
[2025-09-18 09:47:26,012] [INFO] [河北衡水29] 等待云桌面完全加载，避免截图显示加载画面...
[2025-09-18 09:47:46,318] [INFO] [河北衡水29] 截图已保存: static/河北衡水29_18931814049_screenshot.png
[2025-09-18 09:47:46,329] [INFO] [河北衡水29] 保活信号发送成功
[2025-09-18 09:47:46,335] [INFO] [河北衡水29] 保活操作成功完成
[2025-09-18 09:47:47,503] [INFO] [河北衡水29] 浏览器已关闭
[2025-09-18 09:47:47,504] [INFO] 顺序保活完成，成功: 2/2
[2025-09-18 09:51:28,214] [INFO] 执行定时保活任务
[2025-09-18 09:51:28,217] [INFO] 开始顺序保活，共 2 个账号
[2025-09-18 09:51:28,223] [INFO] 正在处理第 1/2 个账号: 吉林云电脑
[2025-09-18 09:51:28,228] [INFO] 开始保活账号: 吉林云电脑
[2025-09-18 09:51:28,239] [INFO] [吉林云电脑] 正在启动浏览器...
[2025-09-18 09:51:28,248] [INFO] 使用本地Edge驱动: C:\Projects\ctyun_keepalive\msedgedriver.exe
[2025-09-18 09:51:29,715] [INFO] [吉林云电脑] 正在访问登录页面...
[2025-09-18 09:51:34,019] [INFO] [吉林云电脑] 正在登录...
[2025-09-18 09:51:34,275] [INFO] [吉林云电脑] 账号输入完成
[2025-09-18 09:51:34,417] [INFO] [吉林云电脑] 密码输入完成
[2025-09-18 09:51:34,558] [INFO] [吉林云电脑] 已点击登录按钮
[2025-09-18 09:51:37,578] [INFO] [吉林云电脑] 无需验证码或验证码处理完成
[2025-09-18 09:51:37,579] [INFO] [吉林云电脑] 等待登录完成...
[2025-09-18 09:51:42,594] [INFO] [吉林云电脑] 当前页面URL: https://pc.ctyun.cn/#/desktop-list
[2025-09-18 09:51:42,595] [INFO] [吉林云电脑] 登录成功，已进入云桌面列表
[2025-09-18 09:51:42,605] [INFO] [吉林云电脑] 正在查找云桌面进入按钮...
[2025-09-18 09:51:42,624] [INFO] [吉林云电脑] 找到云桌面进入按钮（span元素）
[2025-09-18 09:51:42,624] [INFO] [吉林云电脑] 正在点击进入云桌面...
[2025-09-18 09:51:42,723] [INFO] [吉林云电脑] 等待云桌面加载...
[2025-09-18 09:51:43,917] [INFO] [吉林云电脑] 云桌面加载成功，URL: https://pc.ctyun.cn/#/desktop?id=MTMzMzcwMjc=
[2025-09-18 09:51:43,918] [INFO] [吉林云电脑] 等待云桌面完全加载，避免截图显示加载画面...
[2025-09-18 09:52:04,304] [INFO] [吉林云电脑] 截图已保存: static/吉林云电脑_18943535261_screenshot.png
[2025-09-18 09:52:04,314] [INFO] [吉林云电脑] 保活信号发送成功
[2025-09-18 09:52:04,319] [INFO] [吉林云电脑] 保活操作成功完成
[2025-09-18 09:52:05,487] [INFO] [吉林云电脑] 浏览器已关闭
[2025-09-18 09:52:05,487] [INFO] 等待 5 秒后处理下一个账号...
[2025-09-18 09:52:10,494] [INFO] 正在处理第 2/2 个账号: 河北衡水29
[2025-09-18 09:52:10,494] [INFO] 开始保活账号: 河北衡水29
[2025-09-18 09:52:10,506] [INFO] [河北衡水29] 正在启动浏览器...
[2025-09-18 09:52:10,513] [INFO] 使用本地Edge驱动: C:\Projects\ctyun_keepalive\msedgedriver.exe
[2025-09-18 09:52:11,913] [INFO] [河北衡水29] 正在访问登录页面...
[2025-09-18 09:52:16,252] [INFO] [河北衡水29] 正在登录...
[2025-09-18 09:52:16,492] [INFO] [河北衡水29] 账号输入完成
[2025-09-18 09:52:16,627] [INFO] [河北衡水29] 密码输入完成
[2025-09-18 09:52:16,746] [INFO] [河北衡水29] 已点击登录按钮
[2025-09-18 09:52:19,766] [INFO] [河北衡水29] 无需验证码或验证码处理完成
[2025-09-18 09:52:19,767] [INFO] [河北衡水29] 等待登录完成...
[2025-09-18 09:52:24,781] [INFO] [河北衡水29] 当前页面URL: https://pc.ctyun.cn/#/desktop-list
[2025-09-18 09:52:24,782] [INFO] [河北衡水29] 登录成功，已进入云桌面列表
[2025-09-18 09:52:24,792] [INFO] [河北衡水29] 正在查找云桌面进入按钮...
[2025-09-18 09:52:24,812] [INFO] [河北衡水29] 找到云桌面进入按钮（span元素）
[2025-09-18 09:52:24,812] [INFO] [河北衡水29] 正在点击进入云桌面...
[2025-09-18 09:52:24,908] [INFO] [河北衡水29] 等待云桌面加载...
[2025-09-18 09:52:25,916] [INFO] [河北衡水29] 云桌面加载成功，URL: https://pc.ctyun.cn/#/desktop?id=MTg2NjYwOTc=
[2025-09-18 09:52:25,916] [INFO] [河北衡水29] 等待云桌面完全加载，避免截图显示加载画面...
[2025-09-18 09:52:46,289] [INFO] [河北衡水29] 截图已保存: static/河北衡水29_18931814049_screenshot.png
[2025-09-18 09:52:46,301] [INFO] [河北衡水29] 保活信号发送成功
[2025-09-18 09:52:46,307] [INFO] [河北衡水29] 保活操作成功完成
[2025-09-18 09:52:47,480] [INFO] [河北衡水29] 浏览器已关闭
[2025-09-18 09:52:47,481] [INFO] 顺序保活完成，成功: 2/2
[2025-09-18 09:56:28,224] [INFO] 执行定时保活任务
[2025-09-18 09:56:28,228] [INFO] 开始顺序保活，共 2 个账号
[2025-09-18 09:56:28,234] [INFO] 正在处理第 1/2 个账号: 吉林云电脑
[2025-09-18 09:56:28,240] [INFO] 开始保活账号: 吉林云电脑
[2025-09-18 09:56:28,251] [INFO] [吉林云电脑] 正在启动浏览器...
[2025-09-18 09:56:28,257] [INFO] 使用本地Edge驱动: C:\Projects\ctyun_keepalive\msedgedriver.exe
[2025-09-18 09:56:29,815] [INFO] [吉林云电脑] 正在访问登录页面...
[2025-09-18 09:56:34,396] [INFO] [吉林云电脑] 正在登录...
[2025-09-18 09:56:34,654] [INFO] [吉林云电脑] 账号输入完成
[2025-09-18 09:56:34,799] [INFO] [吉林云电脑] 密码输入完成
[2025-09-18 09:56:34,936] [INFO] [吉林云电脑] 已点击登录按钮
[2025-09-18 09:56:37,955] [INFO] [吉林云电脑] 无需验证码或验证码处理完成
[2025-09-18 09:56:37,955] [INFO] [吉林云电脑] 等待登录完成...
[2025-09-18 09:56:42,969] [INFO] [吉林云电脑] 当前页面URL: https://pc.ctyun.cn/#/desktop-list
[2025-09-18 09:56:42,970] [INFO] [吉林云电脑] 登录成功，已进入云桌面列表
[2025-09-18 09:56:42,980] [INFO] [吉林云电脑] 正在查找云桌面进入按钮...
[2025-09-18 09:56:43,000] [INFO] [吉林云电脑] 找到云桌面进入按钮（span元素）
[2025-09-18 09:56:43,001] [INFO] [吉林云电脑] 正在点击进入云桌面...
[2025-09-18 09:56:43,099] [INFO] [吉林云电脑] 等待云桌面加载...
[2025-09-18 09:56:44,108] [INFO] [吉林云电脑] 云桌面加载成功，URL: https://pc.ctyun.cn/#/desktop?id=MTMzMzcwMjc=
[2025-09-18 09:56:44,108] [INFO] [吉林云电脑] 等待云桌面完全加载，避免截图显示加载画面...
[2025-09-18 09:57:04,484] [INFO] [吉林云电脑] 截图已保存: static/吉林云电脑_18943535261_screenshot.png
[2025-09-18 09:57:04,494] [INFO] [吉林云电脑] 保活信号发送成功
[2025-09-18 09:57:04,501] [INFO] [吉林云电脑] 保活操作成功完成
[2025-09-18 09:57:05,697] [INFO] [吉林云电脑] 浏览器已关闭
[2025-09-18 09:57:05,698] [INFO] 等待 5 秒后处理下一个账号...
[2025-09-18 09:57:10,705] [INFO] 正在处理第 2/2 个账号: 河北衡水29
[2025-09-18 09:57:10,705] [INFO] 开始保活账号: 河北衡水29
[2025-09-18 09:57:10,717] [INFO] [河北衡水29] 正在启动浏览器...
[2025-09-18 09:57:10,724] [INFO] 使用本地Edge驱动: C:\Projects\ctyun_keepalive\msedgedriver.exe
[2025-09-18 09:57:11,995] [INFO] [河北衡水29] 正在访问登录页面...
[2025-09-18 09:57:16,612] [INFO] [河北衡水29] 正在登录...
[2025-09-18 09:57:16,807] [INFO] [河北衡水29] 账号输入完成
[2025-09-18 09:57:16,943] [INFO] [河北衡水29] 密码输入完成
[2025-09-18 09:57:17,045] [INFO] [河北衡水29] 已点击登录按钮
[2025-09-18 09:57:20,061] [INFO] [河北衡水29] 无需验证码或验证码处理完成
[2025-09-18 09:57:20,062] [INFO] [河北衡水29] 等待登录完成...
[2025-09-18 09:57:25,074] [INFO] [河北衡水29] 当前页面URL: https://pc.ctyun.cn/#/desktop-list
[2025-09-18 09:57:25,075] [INFO] [河北衡水29] 登录成功，已进入云桌面列表
[2025-09-18 09:57:25,088] [INFO] [河北衡水29] 正在查找云桌面进入按钮...
[2025-09-18 09:57:25,109] [INFO] [河北衡水29] 找到云桌面进入按钮（span元素）
[2025-09-18 09:57:25,109] [INFO] [河北衡水29] 正在点击进入云桌面...
[2025-09-18 09:57:25,198] [INFO] [河北衡水29] 等待云桌面加载...
[2025-09-18 09:57:26,208] [INFO] [河北衡水29] 云桌面加载成功，URL: https://pc.ctyun.cn/#/desktop?id=MTg2NjYwOTc=
[2025-09-18 09:57:26,208] [INFO] [河北衡水29] 等待云桌面完全加载，避免截图显示加载画面...
[2025-09-18 09:57:46,529] [INFO] [河北衡水29] 截图已保存: static/河北衡水29_18931814049_screenshot.png
[2025-09-18 09:57:46,538] [INFO] [河北衡水29] 保活信号发送成功
[2025-09-18 09:57:46,545] [INFO] [河北衡水29] 保活操作成功完成
[2025-09-18 09:57:47,717] [INFO] [河北衡水29] 浏览器已关闭
[2025-09-18 09:57:47,718] [INFO] 顺序保活完成，成功: 2/2
[2025-09-18 10:01:28,233] [INFO] 执行定时保活任务
[2025-09-18 10:01:28,237] [INFO] 开始顺序保活，共 2 个账号
[2025-09-18 10:01:28,242] [INFO] 正在处理第 1/2 个账号: 吉林云电脑
[2025-09-18 10:01:28,248] [INFO] 开始保活账号: 吉林云电脑
[2025-09-18 10:01:28,260] [INFO] [吉林云电脑] 正在启动浏览器...
[2025-09-18 10:01:28,267] [INFO] 使用本地Edge驱动: C:\Projects\ctyun_keepalive\msedgedriver.exe
[2025-09-18 10:01:29,670] [INFO] [吉林云电脑] 正在访问登录页面...
[2025-09-18 10:01:33,948] [INFO] [吉林云电脑] 正在登录...
[2025-09-18 10:01:34,181] [INFO] [吉林云电脑] 账号输入完成
[2025-09-18 10:01:34,315] [INFO] [吉林云电脑] 密码输入完成
[2025-09-18 10:01:34,432] [INFO] [吉林云电脑] 已点击登录按钮
[2025-09-18 10:01:37,451] [INFO] [吉林云电脑] 无需验证码或验证码处理完成
[2025-09-18 10:01:37,451] [INFO] [吉林云电脑] 等待登录完成...
[2025-09-18 10:01:42,467] [INFO] [吉林云电脑] 当前页面URL: https://pc.ctyun.cn/#/desktop-list
[2025-09-18 10:01:42,468] [INFO] [吉林云电脑] 登录成功，已进入云桌面列表
[2025-09-18 10:01:42,482] [INFO] [吉林云电脑] 正在查找云桌面进入按钮...
[2025-09-18 10:01:42,505] [INFO] [吉林云电脑] 找到云桌面进入按钮（span元素）
[2025-09-18 10:01:42,506] [INFO] [吉林云电脑] 正在点击进入云桌面...
[2025-09-18 10:01:42,611] [INFO] [吉林云电脑] 等待云桌面加载...
[2025-09-18 10:01:43,621] [INFO] [吉林云电脑] 云桌面加载成功，URL: https://pc.ctyun.cn/#/desktop?id=MTMzMzcwMjc=
[2025-09-18 10:01:43,621] [INFO] [吉林云电脑] 等待云桌面完全加载，避免截图显示加载画面...
[2025-09-18 10:02:04,010] [INFO] [吉林云电脑] 截图已保存: static/吉林云电脑_18943535261_screenshot.png
[2025-09-18 10:02:04,021] [INFO] [吉林云电脑] 保活信号发送成功
[2025-09-18 10:02:04,029] [INFO] [吉林云电脑] 保活操作成功完成
[2025-09-18 10:02:05,247] [INFO] [吉林云电脑] 浏览器已关闭
[2025-09-18 10:02:05,248] [INFO] 等待 5 秒后处理下一个账号...
[2025-09-18 10:02:10,256] [INFO] 正在处理第 2/2 个账号: 河北衡水29
[2025-09-18 10:02:10,256] [INFO] 开始保活账号: 河北衡水29
[2025-09-18 10:02:10,269] [INFO] [河北衡水29] 正在启动浏览器...
[2025-09-18 10:02:10,276] [INFO] 使用本地Edge驱动: C:\Projects\ctyun_keepalive\msedgedriver.exe
[2025-09-18 10:02:11,557] [INFO] [河北衡水29] 正在访问登录页面...
[2025-09-18 10:02:16,125] [INFO] [河北衡水29] 正在登录...
[2025-09-18 10:02:16,343] [INFO] [河北衡水29] 账号输入完成
[2025-09-18 10:02:16,492] [INFO] [河北衡水29] 密码输入完成
[2025-09-18 10:02:16,617] [INFO] [河北衡水29] 已点击登录按钮
[2025-09-18 10:02:19,638] [INFO] [河北衡水29] 无需验证码或验证码处理完成
[2025-09-18 10:02:19,638] [INFO] [河北衡水29] 等待登录完成...
[2025-09-18 10:02:24,654] [INFO] [河北衡水29] 当前页面URL: https://pc.ctyun.cn/#/desktop-list
[2025-09-18 10:02:24,654] [INFO] [河北衡水29] 登录成功，已进入云桌面列表
[2025-09-18 10:02:24,667] [INFO] [河北衡水29] 正在查找云桌面进入按钮...
[2025-09-18 10:02:24,686] [INFO] [河北衡水29] 找到云桌面进入按钮（span元素）
[2025-09-18 10:02:24,686] [INFO] [河北衡水29] 正在点击进入云桌面...
[2025-09-18 10:02:24,793] [INFO] [河北衡水29] 等待云桌面加载...
[2025-09-18 10:02:25,810] [INFO] [河北衡水29] 云桌面加载成功，URL: https://pc.ctyun.cn/#/desktop?id=MTg2NjYwOTc=
[2025-09-18 10:02:25,811] [INFO] [河北衡水29] 等待云桌面完全加载，避免截图显示加载画面...
[2025-09-18 10:02:46,112] [INFO] [河北衡水29] 截图已保存: static/河北衡水29_18931814049_screenshot.png
[2025-09-18 10:02:46,123] [INFO] [河北衡水29] 保活信号发送成功
[2025-09-18 10:02:46,130] [INFO] [河北衡水29] 保活操作成功完成
[2025-09-18 10:02:47,300] [INFO] [河北衡水29] 浏览器已关闭
[2025-09-18 10:02:47,300] [INFO] 顺序保活完成，成功: 2/2
[2025-09-18 10:06:28,242] [INFO] 执行定时保活任务
[2025-09-18 10:06:28,245] [INFO] 开始顺序保活，共 2 个账号
[2025-09-18 10:06:28,256] [INFO] 正在处理第 1/2 个账号: 吉林云电脑
[2025-09-18 10:06:28,264] [INFO] 开始保活账号: 吉林云电脑
[2025-09-18 10:06:28,279] [INFO] [吉林云电脑] 正在启动浏览器...
[2025-09-18 10:06:28,287] [INFO] 使用本地Edge驱动: C:\Projects\ctyun_keepalive\msedgedriver.exe
[2025-09-18 10:06:29,771] [INFO] [吉林云电脑] 正在访问登录页面...
[2025-09-18 10:06:34,377] [INFO] [吉林云电脑] 正在登录...
[2025-09-18 10:06:34,623] [INFO] [吉林云电脑] 账号输入完成
[2025-09-18 10:06:34,765] [INFO] [吉林云电脑] 密码输入完成
[2025-09-18 10:06:34,891] [INFO] [吉林云电脑] 已点击登录按钮
[2025-09-18 10:06:37,908] [INFO] [吉林云电脑] 无需验证码或验证码处理完成
[2025-09-18 10:06:37,909] [INFO] [吉林云电脑] 等待登录完成...
[2025-09-18 10:06:42,924] [INFO] [吉林云电脑] 当前页面URL: https://pc.ctyun.cn/#/desktop-list
[2025-09-18 10:06:42,925] [INFO] [吉林云电脑] 登录成功，已进入云桌面列表
[2025-09-18 10:06:42,935] [INFO] [吉林云电脑] 正在查找云桌面进入按钮...
[2025-09-18 10:06:42,954] [INFO] [吉林云电脑] 找到云桌面进入按钮（span元素）
[2025-09-18 10:06:42,955] [INFO] [吉林云电脑] 正在点击进入云桌面...
[2025-09-18 10:06:43,066] [INFO] [吉林云电脑] 等待云桌面加载...
[2025-09-18 10:06:44,075] [INFO] [吉林云电脑] 云桌面加载成功，URL: https://pc.ctyun.cn/#/desktop?id=MTMzMzcwMjc=
[2025-09-18 10:06:44,076] [INFO] [吉林云电脑] 等待云桌面完全加载，避免截图显示加载画面...
[2025-09-18 10:07:04,442] [INFO] [吉林云电脑] 截图已保存: static/吉林云电脑_18943535261_screenshot.png
[2025-09-18 10:07:04,453] [INFO] [吉林云电脑] 保活信号发送成功
[2025-09-18 10:07:04,459] [INFO] [吉林云电脑] 保活操作成功完成
[2025-09-18 10:07:05,647] [INFO] [吉林云电脑] 浏览器已关闭
[2025-09-18 10:07:05,647] [INFO] 等待 5 秒后处理下一个账号...
[2025-09-18 10:07:10,653] [INFO] 正在处理第 2/2 个账号: 河北衡水29
[2025-09-18 10:07:10,654] [INFO] 开始保活账号: 河北衡水29
[2025-09-18 10:07:10,665] [INFO] [河北衡水29] 正在启动浏览器...
[2025-09-18 10:07:10,673] [INFO] 使用本地Edge驱动: C:\Projects\ctyun_keepalive\msedgedriver.exe
[2025-09-18 10:07:12,086] [INFO] [河北衡水29] 正在访问登录页面...
[2025-09-18 10:07:16,575] [INFO] [河北衡水29] 正在登录...
[2025-09-18 10:07:16,799] [INFO] [河北衡水29] 账号输入完成
[2025-09-18 10:07:16,960] [INFO] [河北衡水29] 密码输入完成
[2025-09-18 10:07:17,081] [INFO] [河北衡水29] 已点击登录按钮
[2025-09-18 10:07:20,100] [INFO] [河北衡水29] 无需验证码或验证码处理完成
[2025-09-18 10:07:20,100] [INFO] [河北衡水29] 等待登录完成...
[2025-09-18 10:07:25,116] [INFO] [河北衡水29] 当前页面URL: https://pc.ctyun.cn/#/desktop-list
[2025-09-18 10:07:25,116] [INFO] [河北衡水29] 登录成功，已进入云桌面列表
[2025-09-18 10:07:25,128] [INFO] [河北衡水29] 正在查找云桌面进入按钮...
[2025-09-18 10:07:25,148] [INFO] [河北衡水29] 找到云桌面进入按钮（span元素）
[2025-09-18 10:07:25,149] [INFO] [河北衡水29] 正在点击进入云桌面...
[2025-09-18 10:07:25,249] [INFO] [河北衡水29] 等待云桌面加载...
[2025-09-18 10:07:26,367] [INFO] [河北衡水29] 云桌面加载成功，URL: https://pc.ctyun.cn/#/desktop?id=MTg2NjYwOTc=
[2025-09-18 10:07:26,368] [INFO] [河北衡水29] 等待云桌面完全加载，避免截图显示加载画面...
[2025-09-18 10:07:46,670] [INFO] [河北衡水29] 截图已保存: static/河北衡水29_18931814049_screenshot.png
[2025-09-18 10:07:46,679] [INFO] [河北衡水29] 保活信号发送成功
[2025-09-18 10:07:46,687] [INFO] [河北衡水29] 保活操作成功完成
[2025-09-18 10:07:47,882] [INFO] [河北衡水29] 浏览器已关闭
[2025-09-18 10:07:47,883] [INFO] 顺序保活完成，成功: 2/2
[2025-09-18 10:11:28,257] [INFO] 执行定时保活任务
[2025-09-18 10:11:28,260] [INFO] 开始顺序保活，共 2 个账号
[2025-09-18 10:11:28,266] [INFO] 正在处理第 1/2 个账号: 吉林云电脑
[2025-09-18 10:11:28,272] [INFO] 开始保活账号: 吉林云电脑
[2025-09-18 10:11:28,283] [INFO] [吉林云电脑] 正在启动浏览器...
[2025-09-18 10:11:28,290] [INFO] 使用本地Edge驱动: C:\Projects\ctyun_keepalive\msedgedriver.exe
[2025-09-18 10:11:29,810] [INFO] [吉林云电脑] 正在访问登录页面...
[2025-09-18 10:11:34,426] [INFO] [吉林云电脑] 正在登录...
[2025-09-18 10:11:34,694] [INFO] [吉林云电脑] 账号输入完成
[2025-09-18 10:11:34,847] [INFO] [吉林云电脑] 密码输入完成
[2025-09-18 10:11:34,965] [INFO] [吉林云电脑] 已点击登录按钮
[2025-09-18 10:11:37,984] [INFO] [吉林云电脑] 无需验证码或验证码处理完成
[2025-09-18 10:11:37,985] [INFO] [吉林云电脑] 等待登录完成...
[2025-09-18 10:11:43,001] [INFO] [吉林云电脑] 当前页面URL: https://pc.ctyun.cn/#/desktop-list
[2025-09-18 10:11:43,002] [INFO] [吉林云电脑] 登录成功，已进入云桌面列表
[2025-09-18 10:11:43,012] [INFO] [吉林云电脑] 正在查找云桌面进入按钮...
[2025-09-18 10:11:43,033] [INFO] [吉林云电脑] 找到云桌面进入按钮（span元素）
[2025-09-18 10:11:43,033] [INFO] [吉林云电脑] 正在点击进入云桌面...
[2025-09-18 10:11:43,127] [INFO] [吉林云电脑] 等待云桌面加载...
[2025-09-18 10:11:44,138] [INFO] [吉林云电脑] 云桌面加载成功，URL: https://pc.ctyun.cn/#/desktop?id=MTMzMzcwMjc=
[2025-09-18 10:11:44,139] [INFO] [吉林云电脑] 等待云桌面完全加载，避免截图显示加载画面...
[2025-09-18 10:12:04,585] [INFO] [吉林云电脑] 截图已保存: static/吉林云电脑_18943535261_screenshot.png
[2025-09-18 10:12:04,595] [INFO] [吉林云电脑] 保活信号发送成功
[2025-09-18 10:12:04,603] [INFO] [吉林云电脑] 保活操作成功完成
[2025-09-18 10:12:05,808] [INFO] [吉林云电脑] 浏览器已关闭
[2025-09-18 10:12:05,808] [INFO] 等待 5 秒后处理下一个账号...
[2025-09-18 10:12:10,815] [INFO] 正在处理第 2/2 个账号: 河北衡水29
[2025-09-18 10:12:10,815] [INFO] 开始保活账号: 河北衡水29
[2025-09-18 10:12:10,829] [INFO] [河北衡水29] 正在启动浏览器...
[2025-09-18 10:12:10,835] [INFO] 使用本地Edge驱动: C:\Projects\ctyun_keepalive\msedgedriver.exe
[2025-09-18 10:12:12,107] [INFO] [河北衡水29] 正在访问登录页面...
[2025-09-18 10:12:16,659] [INFO] [河北衡水29] 正在登录...
[2025-09-18 10:12:16,880] [INFO] [河北衡水29] 账号输入完成
[2025-09-18 10:12:17,004] [INFO] [河北衡水29] 密码输入完成
[2025-09-18 10:12:17,123] [INFO] [河北衡水29] 已点击登录按钮
[2025-09-18 10:12:20,143] [INFO] [河北衡水29] 无需验证码或验证码处理完成
[2025-09-18 10:12:20,144] [INFO] [河北衡水29] 等待登录完成...
[2025-09-18 10:12:25,159] [INFO] [河北衡水29] 当前页面URL: https://pc.ctyun.cn/#/desktop-list
[2025-09-18 10:12:25,160] [INFO] [河北衡水29] 登录成功，已进入云桌面列表
[2025-09-18 10:12:25,171] [INFO] [河北衡水29] 正在查找云桌面进入按钮...
[2025-09-18 10:12:25,191] [INFO] [河北衡水29] 找到云桌面进入按钮（span元素）
[2025-09-18 10:12:25,191] [INFO] [河北衡水29] 正在点击进入云桌面...
[2025-09-18 10:12:25,287] [INFO] [河北衡水29] 等待云桌面加载...
[2025-09-18 10:12:26,402] [INFO] [河北衡水29] 云桌面加载成功，URL: https://pc.ctyun.cn/#/desktop?id=MTg2NjYwOTc=
[2025-09-18 10:12:26,403] [INFO] [河北衡水29] 等待云桌面完全加载，避免截图显示加载画面...
[2025-09-18 10:12:46,716] [INFO] [河北衡水29] 截图已保存: static/河北衡水29_18931814049_screenshot.png
[2025-09-18 10:12:46,728] [INFO] [河北衡水29] 保活信号发送成功
[2025-09-18 10:12:46,736] [INFO] [河北衡水29] 保活操作成功完成
[2025-09-18 10:12:47,922] [INFO] [河北衡水29] 浏览器已关闭
[2025-09-18 10:12:47,922] [INFO] 顺序保活完成，成功: 2/2
[2025-09-18 10:16:28,264] [INFO] 执行定时保活任务
[2025-09-18 10:16:28,268] [INFO] 开始顺序保活，共 2 个账号
[2025-09-18 10:16:28,273] [INFO] 正在处理第 1/2 个账号: 吉林云电脑
[2025-09-18 10:16:28,278] [INFO] 开始保活账号: 吉林云电脑
[2025-09-18 10:16:28,289] [INFO] [吉林云电脑] 正在启动浏览器...
[2025-09-18 10:16:28,295] [INFO] 使用本地Edge驱动: C:\Projects\ctyun_keepalive\msedgedriver.exe
[2025-09-18 10:16:29,686] [INFO] [吉林云电脑] 正在访问登录页面...
[2025-09-18 10:16:34,225] [INFO] [吉林云电脑] 正在登录...
[2025-09-18 10:16:34,455] [INFO] [吉林云电脑] 账号输入完成
[2025-09-18 10:16:34,582] [INFO] [吉林云电脑] 密码输入完成
[2025-09-18 10:16:34,689] [INFO] [吉林云电脑] 已点击登录按钮
[2025-09-18 10:16:37,707] [INFO] [吉林云电脑] 无需验证码或验证码处理完成
[2025-09-18 10:16:37,708] [INFO] [吉林云电脑] 等待登录完成...
[2025-09-18 10:16:42,722] [INFO] [吉林云电脑] 当前页面URL: https://pc.ctyun.cn/#/desktop-list
[2025-09-18 10:16:42,723] [INFO] [吉林云电脑] 登录成功，已进入云桌面列表
[2025-09-18 10:16:42,735] [INFO] [吉林云电脑] 正在查找云桌面进入按钮...
[2025-09-18 10:16:42,754] [INFO] [吉林云电脑] 找到云桌面进入按钮（span元素）
[2025-09-18 10:16:42,755] [INFO] [吉林云电脑] 正在点击进入云桌面...
[2025-09-18 10:16:42,846] [INFO] [吉林云电脑] 等待云桌面加载...
[2025-09-18 10:16:43,854] [INFO] [吉林云电脑] 云桌面加载成功，URL: https://pc.ctyun.cn/#/desktop?id=MTMzMzcwMjc=
[2025-09-18 10:16:43,855] [INFO] [吉林云电脑] 等待云桌面完全加载，避免截图显示加载画面...
[2025-09-18 10:17:04,207] [INFO] [吉林云电脑] 截图已保存: static/吉林云电脑_18943535261_screenshot.png
[2025-09-18 10:17:04,217] [INFO] [吉林云电脑] 保活信号发送成功
[2025-09-18 10:17:04,224] [INFO] [吉林云电脑] 保活操作成功完成
[2025-09-18 10:17:05,421] [INFO] [吉林云电脑] 浏览器已关闭
[2025-09-18 10:17:05,421] [INFO] 等待 5 秒后处理下一个账号...
[2025-09-18 10:17:10,427] [INFO] 正在处理第 2/2 个账号: 河北衡水29
[2025-09-18 10:17:10,427] [INFO] 开始保活账号: 河北衡水29
[2025-09-18 10:17:10,440] [INFO] [河北衡水29] 正在启动浏览器...
[2025-09-18 10:17:10,446] [INFO] 使用本地Edge驱动: C:\Projects\ctyun_keepalive\msedgedriver.exe
[2025-09-18 10:17:11,984] [INFO] [河北衡水29] 正在访问登录页面...
[2025-09-18 10:17:16,318] [INFO] [河北衡水29] 正在登录...
[2025-09-18 10:17:16,547] [INFO] [河北衡水29] 账号输入完成
[2025-09-18 10:17:16,686] [INFO] [河北衡水29] 密码输入完成
[2025-09-18 10:17:16,817] [INFO] [河北衡水29] 已点击登录按钮
[2025-09-18 10:17:19,836] [INFO] [河北衡水29] 无需验证码或验证码处理完成
[2025-09-18 10:17:19,837] [INFO] [河北衡水29] 等待登录完成...
[2025-09-18 10:17:24,851] [INFO] [河北衡水29] 当前页面URL: https://pc.ctyun.cn/#/desktop-list
[2025-09-18 10:17:24,851] [INFO] [河北衡水29] 登录成功，已进入云桌面列表
[2025-09-18 10:17:24,863] [INFO] [河北衡水29] 正在查找云桌面进入按钮...
[2025-09-18 10:17:24,883] [INFO] [河北衡水29] 找到云桌面进入按钮（span元素）
[2025-09-18 10:17:24,883] [INFO] [河北衡水29] 正在点击进入云桌面...
[2025-09-18 10:17:24,992] [INFO] [河北衡水29] 等待云桌面加载...
[2025-09-18 10:17:26,076] [INFO] [河北衡水29] 云桌面加载成功，URL: https://pc.ctyun.cn/#/desktop?id=MTg2NjYwOTc=
[2025-09-18 10:17:26,077] [INFO] [河北衡水29] 等待云桌面完全加载，避免截图显示加载画面...
[2025-09-18 10:17:46,393] [INFO] [河北衡水29] 截图已保存: static/河北衡水29_18931814049_screenshot.png
[2025-09-18 10:17:46,404] [INFO] [河北衡水29] 保活信号发送成功
[2025-09-18 10:17:46,411] [INFO] [河北衡水29] 保活操作成功完成
[2025-09-18 10:17:47,587] [INFO] [河北衡水29] 浏览器已关闭
[2025-09-18 10:17:47,588] [INFO] 顺序保活完成，成功: 2/2
[2025-09-18 10:21:28,274] [INFO] 执行定时保活任务
[2025-09-18 10:21:28,277] [INFO] 开始顺序保活，共 2 个账号
[2025-09-18 10:21:28,283] [INFO] 正在处理第 1/2 个账号: 吉林云电脑
[2025-09-18 10:21:28,288] [INFO] 开始保活账号: 吉林云电脑
[2025-09-18 10:21:28,299] [INFO] [吉林云电脑] 正在启动浏览器...
[2025-09-18 10:21:28,306] [INFO] 使用本地Edge驱动: C:\Projects\ctyun_keepalive\msedgedriver.exe
[2025-09-18 10:21:29,678] [INFO] [吉林云电脑] 正在访问登录页面...
[2025-09-18 10:21:34,749] [INFO] [吉林云电脑] 正在登录...
[2025-09-18 10:21:34,948] [INFO] [吉林云电脑] 账号输入完成
[2025-09-18 10:21:35,080] [INFO] [吉林云电脑] 密码输入完成
[2025-09-18 10:21:35,193] [INFO] [吉林云电脑] 已点击登录按钮
[2025-09-18 10:21:38,211] [INFO] [吉林云电脑] 无需验证码或验证码处理完成
[2025-09-18 10:21:38,212] [INFO] [吉林云电脑] 等待登录完成...
[2025-09-18 10:21:43,228] [INFO] [吉林云电脑] 当前页面URL: https://pc.ctyun.cn/#/desktop-list
[2025-09-18 10:21:43,228] [INFO] [吉林云电脑] 登录成功，已进入云桌面列表
[2025-09-18 10:21:43,240] [INFO] [吉林云电脑] 正在查找云桌面进入按钮...
[2025-09-18 10:21:43,259] [INFO] [吉林云电脑] 找到云桌面进入按钮（span元素）
[2025-09-18 10:21:43,260] [INFO] [吉林云电脑] 正在点击进入云桌面...
[2025-09-18 10:21:43,357] [INFO] [吉林云电脑] 等待云桌面加载...
[2025-09-18 10:21:44,444] [INFO] [吉林云电脑] 云桌面加载成功，URL: https://pc.ctyun.cn/#/desktop?id=MTMzMzcwMjc=
[2025-09-18 10:21:44,445] [INFO] [吉林云电脑] 等待云桌面完全加载，避免截图显示加载画面...
[2025-09-18 10:22:04,877] [INFO] [吉林云电脑] 截图已保存: static/吉林云电脑_18943535261_screenshot.png
[2025-09-18 10:22:04,887] [INFO] [吉林云电脑] 保活信号发送成功
[2025-09-18 10:22:04,893] [INFO] [吉林云电脑] 保活操作成功完成
[2025-09-18 10:22:06,072] [INFO] [吉林云电脑] 浏览器已关闭
[2025-09-18 10:22:06,072] [INFO] 等待 5 秒后处理下一个账号...
[2025-09-18 10:22:11,079] [INFO] 正在处理第 2/2 个账号: 河北衡水29
[2025-09-18 10:22:11,079] [INFO] 开始保活账号: 河北衡水29
[2025-09-18 10:22:11,090] [INFO] [河北衡水29] 正在启动浏览器...
[2025-09-18 10:22:11,097] [INFO] 使用本地Edge驱动: C:\Projects\ctyun_keepalive\msedgedriver.exe
[2025-09-18 10:22:12,388] [INFO] [河北衡水29] 正在访问登录页面...
[2025-09-18 10:22:16,889] [INFO] [河北衡水29] 正在登录...
[2025-09-18 10:22:17,083] [INFO] [河北衡水29] 账号输入完成
[2025-09-18 10:22:17,233] [INFO] [河北衡水29] 密码输入完成
[2025-09-18 10:22:17,358] [INFO] [河北衡水29] 已点击登录按钮
[2025-09-18 10:22:20,376] [INFO] [河北衡水29] 无需验证码或验证码处理完成
[2025-09-18 10:22:20,377] [INFO] [河北衡水29] 等待登录完成...
[2025-09-18 10:22:25,391] [INFO] [河北衡水29] 当前页面URL: https://pc.ctyun.cn/#/desktop-list
[2025-09-18 10:22:25,392] [INFO] [河北衡水29] 登录成功，已进入云桌面列表
[2025-09-18 10:22:25,402] [INFO] [河北衡水29] 正在查找云桌面进入按钮...
[2025-09-18 10:22:25,424] [INFO] [河北衡水29] 找到云桌面进入按钮（span元素）
[2025-09-18 10:22:25,424] [INFO] [河北衡水29] 正在点击进入云桌面...
[2025-09-18 10:22:25,522] [INFO] [河北衡水29] 等待云桌面加载...
[2025-09-18 10:22:26,531] [INFO] [河北衡水29] 云桌面加载成功，URL: https://pc.ctyun.cn/#/desktop?id=MTg2NjYwOTc=
[2025-09-18 10:22:26,531] [INFO] [河北衡水29] 等待云桌面完全加载，避免截图显示加载画面...
[2025-09-18 10:22:46,842] [INFO] [河北衡水29] 截图已保存: static/河北衡水29_18931814049_screenshot.png
[2025-09-18 10:22:46,852] [INFO] [河北衡水29] 保活信号发送成功
[2025-09-18 10:22:46,860] [INFO] [河北衡水29] 保活操作成功完成
[2025-09-18 10:22:48,019] [INFO] [河北衡水29] 浏览器已关闭
[2025-09-18 10:22:48,020] [INFO] 顺序保活完成，成功: 2/2
[2025-09-18 10:26:28,283] [INFO] 执行定时保活任务
[2025-09-18 10:26:28,286] [INFO] 开始顺序保活，共 2 个账号
[2025-09-18 10:26:28,294] [INFO] 正在处理第 1/2 个账号: 吉林云电脑
[2025-09-18 10:26:28,300] [INFO] 开始保活账号: 吉林云电脑
[2025-09-18 10:26:28,311] [INFO] [吉林云电脑] 正在启动浏览器...
[2025-09-18 10:26:28,318] [INFO] 使用本地Edge驱动: C:\Projects\ctyun_keepalive\msedgedriver.exe
[2025-09-18 10:26:29,742] [INFO] [吉林云电脑] 正在访问登录页面...
[2025-09-18 10:26:34,088] [INFO] [吉林云电脑] 正在登录...
[2025-09-18 10:26:34,308] [INFO] [吉林云电脑] 账号输入完成
[2025-09-18 10:26:34,458] [INFO] [吉林云电脑] 密码输入完成
[2025-09-18 10:26:34,588] [INFO] [吉林云电脑] 已点击登录按钮
[2025-09-18 10:26:37,611] [INFO] [吉林云电脑] 无需验证码或验证码处理完成
[2025-09-18 10:26:37,611] [INFO] [吉林云电脑] 等待登录完成...
[2025-09-18 10:26:42,626] [INFO] [吉林云电脑] 当前页面URL: https://pc.ctyun.cn/#/desktop-list
[2025-09-18 10:26:42,627] [INFO] [吉林云电脑] 登录成功，已进入云桌面列表
[2025-09-18 10:26:42,639] [INFO] [吉林云电脑] 正在查找云桌面进入按钮...
[2025-09-18 10:26:42,658] [INFO] [吉林云电脑] 找到云桌面进入按钮（span元素）
[2025-09-18 10:26:42,659] [INFO] [吉林云电脑] 正在点击进入云桌面...
[2025-09-18 10:26:42,759] [INFO] [吉林云电脑] 等待云桌面加载...
[2025-09-18 10:26:43,767] [INFO] [吉林云电脑] 云桌面加载成功，URL: https://pc.ctyun.cn/#/desktop?id=MTMzMzcwMjc=
[2025-09-18 10:26:43,768] [INFO] [吉林云电脑] 等待云桌面完全加载，避免截图显示加载画面...
[2025-09-18 10:27:04,143] [INFO] [吉林云电脑] 截图已保存: static/吉林云电脑_18943535261_screenshot.png
[2025-09-18 10:27:04,153] [INFO] [吉林云电脑] 保活信号发送成功
[2025-09-18 10:27:04,160] [INFO] [吉林云电脑] 保活操作成功完成
[2025-09-18 10:27:05,330] [INFO] [吉林云电脑] 浏览器已关闭
[2025-09-18 10:27:05,331] [INFO] 等待 5 秒后处理下一个账号...
[2025-09-18 10:27:10,337] [INFO] 正在处理第 2/2 个账号: 河北衡水29
[2025-09-18 10:27:10,338] [INFO] 开始保活账号: 河北衡水29
[2025-09-18 10:27:10,351] [INFO] [河北衡水29] 正在启动浏览器...
[2025-09-18 10:27:10,358] [INFO] 使用本地Edge驱动: C:\Projects\ctyun_keepalive\msedgedriver.exe
[2025-09-18 10:27:11,634] [INFO] [河北衡水29] 正在访问登录页面...
[2025-09-18 10:27:16,595] [INFO] [河北衡水29] 正在登录...
[2025-09-18 10:27:16,788] [INFO] [河北衡水29] 账号输入完成
[2025-09-18 10:27:16,906] [INFO] [河北衡水29] 密码输入完成
[2025-09-18 10:27:17,013] [INFO] [河北衡水29] 已点击登录按钮
[2025-09-18 10:27:20,029] [INFO] [河北衡水29] 无需验证码或验证码处理完成
[2025-09-18 10:27:20,029] [INFO] [河北衡水29] 等待登录完成...
[2025-09-18 10:27:25,043] [INFO] [河北衡水29] 当前页面URL: https://pc.ctyun.cn/#/desktop-list
[2025-09-18 10:27:25,043] [INFO] [河北衡水29] 登录成功，已进入云桌面列表
[2025-09-18 10:27:25,055] [INFO] [河北衡水29] 正在查找云桌面进入按钮...
[2025-09-18 10:27:25,073] [INFO] [河北衡水29] 找到云桌面进入按钮（span元素）
[2025-09-18 10:27:25,073] [INFO] [河北衡水29] 正在点击进入云桌面...
[2025-09-18 10:27:25,163] [INFO] [河北衡水29] 等待云桌面加载...
[2025-09-18 10:27:26,171] [INFO] [河北衡水29] 云桌面加载成功，URL: https://pc.ctyun.cn/#/desktop?id=MTg2NjYwOTc=
[2025-09-18 10:27:26,172] [INFO] [河北衡水29] 等待云桌面完全加载，避免截图显示加载画面...
[2025-09-18 10:27:46,458] [INFO] [河北衡水29] 截图已保存: static/河北衡水29_18931814049_screenshot.png
[2025-09-18 10:27:46,468] [INFO] [河北衡水29] 保活信号发送成功
[2025-09-18 10:27:46,474] [INFO] [河北衡水29] 保活操作成功完成
[2025-09-18 10:27:47,638] [INFO] [河北衡水29] 浏览器已关闭
[2025-09-18 10:27:47,639] [INFO] 顺序保活完成，成功: 2/2
[2025-09-18 10:31:28,290] [INFO] 执行定时保活任务
[2025-09-18 10:31:28,293] [INFO] 开始顺序保活，共 2 个账号
[2025-09-18 10:31:28,299] [INFO] 正在处理第 1/2 个账号: 吉林云电脑
[2025-09-18 10:31:28,306] [INFO] 开始保活账号: 吉林云电脑
[2025-09-18 10:31:28,317] [INFO] [吉林云电脑] 正在启动浏览器...
[2025-09-18 10:31:28,324] [INFO] 使用本地Edge驱动: C:\Projects\ctyun_keepalive\msedgedriver.exe
[2025-09-18 10:31:29,703] [INFO] [吉林云电脑] 正在访问登录页面...
[2025-09-18 10:31:34,154] [INFO] [吉林云电脑] 正在登录...
[2025-09-18 10:31:34,381] [INFO] [吉林云电脑] 账号输入完成
[2025-09-18 10:31:34,561] [INFO] [吉林云电脑] 密码输入完成
[2025-09-18 10:31:34,692] [INFO] [吉林云电脑] 已点击登录按钮
[2025-09-18 10:31:37,709] [INFO] [吉林云电脑] 无需验证码或验证码处理完成
[2025-09-18 10:31:37,710] [INFO] [吉林云电脑] 等待登录完成...
[2025-09-18 10:31:42,725] [INFO] [吉林云电脑] 当前页面URL: https://pc.ctyun.cn/#/desktop-list
[2025-09-18 10:31:42,725] [INFO] [吉林云电脑] 登录成功，已进入云桌面列表
[2025-09-18 10:31:42,736] [INFO] [吉林云电脑] 正在查找云桌面进入按钮...
[2025-09-18 10:31:42,758] [INFO] [吉林云电脑] 找到云桌面进入按钮（span元素）
[2025-09-18 10:31:42,759] [INFO] [吉林云电脑] 正在点击进入云桌面...
[2025-09-18 10:31:42,850] [INFO] [吉林云电脑] 等待云桌面加载...
[2025-09-18 10:31:43,859] [INFO] [吉林云电脑] 云桌面加载成功，URL: https://pc.ctyun.cn/#/desktop?id=MTMzMzcwMjc=
[2025-09-18 10:31:43,860] [INFO] [吉林云电脑] 等待云桌面完全加载，避免截图显示加载画面...
[2025-09-18 10:32:04,265] [INFO] [吉林云电脑] 截图已保存: static/吉林云电脑_18943535261_screenshot.png
[2025-09-18 10:32:04,274] [INFO] [吉林云电脑] 保活信号发送成功
[2025-09-18 10:32:04,280] [INFO] [吉林云电脑] 保活操作成功完成
[2025-09-18 10:32:05,455] [INFO] [吉林云电脑] 浏览器已关闭
[2025-09-18 10:32:05,456] [INFO] 等待 5 秒后处理下一个账号...
[2025-09-18 10:32:10,463] [INFO] 正在处理第 2/2 个账号: 河北衡水29
[2025-09-18 10:32:10,464] [INFO] 开始保活账号: 河北衡水29
[2025-09-18 10:32:10,475] [INFO] [河北衡水29] 正在启动浏览器...
[2025-09-18 10:32:10,482] [INFO] 使用本地Edge驱动: C:\Projects\ctyun_keepalive\msedgedriver.exe
[2025-09-18 10:32:11,757] [INFO] [河北衡水29] 正在访问登录页面...
[2025-09-18 10:32:16,337] [INFO] [河北衡水29] 正在登录...
[2025-09-18 10:32:16,555] [INFO] [河北衡水29] 账号输入完成
[2025-09-18 10:32:16,682] [INFO] [河北衡水29] 密码输入完成
[2025-09-18 10:32:16,792] [INFO] [河北衡水29] 已点击登录按钮
[2025-09-18 10:32:19,809] [INFO] [河北衡水29] 无需验证码或验证码处理完成
[2025-09-18 10:32:19,810] [INFO] [河北衡水29] 等待登录完成...
[2025-09-18 10:32:24,823] [INFO] [河北衡水29] 当前页面URL: https://pc.ctyun.cn/#/desktop-list
[2025-09-18 10:32:24,824] [INFO] [河北衡水29] 登录成功，已进入云桌面列表
[2025-09-18 10:32:24,837] [INFO] [河北衡水29] 正在查找云桌面进入按钮...
[2025-09-18 10:32:24,855] [INFO] [河北衡水29] 找到云桌面进入按钮（span元素）
[2025-09-18 10:32:24,856] [INFO] [河北衡水29] 正在点击进入云桌面...
[2025-09-18 10:32:24,949] [INFO] [河北衡水29] 等待云桌面加载...
[2025-09-18 10:32:25,958] [INFO] [河北衡水29] 云桌面加载成功，URL: https://pc.ctyun.cn/#/desktop?id=MTg2NjYwOTc=
[2025-09-18 10:32:25,959] [INFO] [河北衡水29] 等待云桌面完全加载，避免截图显示加载画面...
[2025-09-18 10:32:46,270] [INFO] [河北衡水29] 截图已保存: static/河北衡水29_18931814049_screenshot.png
[2025-09-18 10:32:46,279] [INFO] [河北衡水29] 保活信号发送成功
[2025-09-18 10:32:46,285] [INFO] [河北衡水29] 保活操作成功完成
[2025-09-18 10:32:47,452] [INFO] [河北衡水29] 浏览器已关闭
[2025-09-18 10:32:47,452] [INFO] 顺序保活完成，成功: 2/2
[2025-09-18 14:20:06,759] [INFO] 执行定时保活任务
[2025-09-18 14:20:06,760] [INFO] 开始顺序保活，共 2 个账号
[2025-09-18 14:20:06,765] [INFO] 正在处理第 1/2 个账号: 吉林云电脑
[2025-09-18 14:20:06,771] [INFO] 开始保活账号: 吉林云电脑
[2025-09-18 14:20:06,784] [INFO] [吉林云电脑] 正在启动浏览器...
[2025-09-18 14:20:06,790] [INFO] 使用本地Edge驱动: C:\Projects\ctyun_keepalive\msedgedriver.exe
[2025-09-18 14:20:08,092] [INFO] [吉林云电脑] 正在访问登录页面...
[2025-09-18 14:20:12,665] [INFO] [吉林云电脑] 正在登录...
[2025-09-18 14:20:12,883] [INFO] [吉林云电脑] 账号输入完成
[2025-09-18 14:20:13,032] [INFO] [吉林云电脑] 密码输入完成
[2025-09-18 14:20:13,168] [INFO] [吉林云电脑] 已点击登录按钮
[2025-09-18 14:20:16,190] [INFO] [吉林云电脑] 无需验证码或验证码处理完成
[2025-09-18 14:20:16,191] [INFO] [吉林云电脑] 等待登录完成...
[2025-09-18 14:20:21,205] [INFO] [吉林云电脑] 当前页面URL: https://pc.ctyun.cn/#/desktop-list
[2025-09-18 14:20:21,205] [INFO] [吉林云电脑] 登录成功，已进入云桌面列表
[2025-09-18 14:20:21,216] [INFO] [吉林云电脑] 正在查找云桌面进入按钮...
[2025-09-18 14:20:21,233] [INFO] [吉林云电脑] 找到云桌面进入按钮（span元素）
[2025-09-18 14:20:21,233] [INFO] [吉林云电脑] 正在点击进入云桌面...
[2025-09-18 14:20:21,326] [INFO] [吉林云电脑] 等待云桌面加载...
[2025-09-18 14:20:22,334] [INFO] [吉林云电脑] 云桌面加载成功，URL: https://pc.ctyun.cn/#/desktop?id=MTMzMzcwMjc=
[2025-09-18 14:20:22,334] [INFO] [吉林云电脑] 等待云桌面完全加载，避免截图显示加载画面...
[2025-09-18 14:20:42,446] [INFO] [吉林云电脑] 截图已保存: static/吉林云电脑_18943535261_screenshot.png
[2025-09-18 14:20:42,457] [INFO] [吉林云电脑] 保活信号发送成功
[2025-09-18 14:20:42,464] [INFO] [吉林云电脑] 保活操作成功完成
[2025-09-18 14:20:43,732] [INFO] [吉林云电脑] 浏览器已关闭
[2025-09-18 14:20:43,733] [INFO] 等待 5 秒后处理下一个账号...
[2025-09-18 14:20:48,740] [INFO] 正在处理第 2/2 个账号: 河北衡水29
[2025-09-18 14:20:48,741] [INFO] 开始保活账号: 河北衡水29
[2025-09-18 14:20:48,751] [INFO] [河北衡水29] 正在启动浏览器...
[2025-09-18 14:20:48,759] [INFO] 使用本地Edge驱动: C:\Projects\ctyun_keepalive\msedgedriver.exe
[2025-09-18 14:20:50,013] [INFO] [河北衡水29] 正在访问登录页面...
[2025-09-18 14:20:54,791] [INFO] [河北衡水29] 正在登录...
[2025-09-18 14:20:54,987] [INFO] [河北衡水29] 账号输入完成
[2025-09-18 14:20:55,147] [INFO] [河北衡水29] 密码输入完成
[2025-09-18 14:20:55,253] [INFO] [河北衡水29] 已点击登录按钮
[2025-09-18 14:20:58,271] [INFO] [河北衡水29] 无需验证码或验证码处理完成
[2025-09-18 14:20:58,271] [INFO] [河北衡水29] 等待登录完成...
[2025-09-18 14:21:03,286] [INFO] [河北衡水29] 当前页面URL: https://pc.ctyun.cn/#/desktop-list
[2025-09-18 14:21:03,287] [INFO] [河北衡水29] 登录成功，已进入云桌面列表
[2025-09-18 14:21:03,298] [INFO] [河北衡水29] 正在查找云桌面进入按钮...
[2025-09-18 14:21:03,317] [INFO] [河北衡水29] 找到云桌面进入按钮（span元素）
[2025-09-18 14:21:03,317] [INFO] [河北衡水29] 正在点击进入云桌面...
[2025-09-18 14:21:03,417] [INFO] [河北衡水29] 等待云桌面加载...
[2025-09-18 14:21:04,425] [INFO] [河北衡水29] 云桌面加载成功，URL: https://pc.ctyun.cn/#/desktop?id=MTg2NjYwOTc=
[2025-09-18 14:21:04,426] [INFO] [河北衡水29] 等待云桌面完全加载，避免截图显示加载画面...
[2025-09-18 14:21:24,734] [INFO] [河北衡水29] 截图已保存: static/河北衡水29_18931814049_screenshot.png
[2025-09-18 14:21:24,743] [INFO] [河北衡水29] 保活信号发送成功
[2025-09-18 14:21:24,750] [INFO] [河北衡水29] 保活操作成功完成
[2025-09-18 14:21:26,005] [INFO] [河北衡水29] 浏览器已关闭
[2025-09-18 14:21:26,005] [INFO] 顺序保活完成，成功: 2/2
[2025-09-18 14:25:06,763] [INFO] 执行定时保活任务
[2025-09-18 14:25:06,764] [INFO] 开始顺序保活，共 2 个账号
[2025-09-18 14:25:06,771] [INFO] 正在处理第 1/2 个账号: 吉林云电脑
[2025-09-18 14:25:06,777] [INFO] 开始保活账号: 吉林云电脑
[2025-09-18 14:25:06,789] [INFO] [吉林云电脑] 正在启动浏览器...
[2025-09-18 14:25:06,795] [INFO] 使用本地Edge驱动: C:\Projects\ctyun_keepalive\msedgedriver.exe
[2025-09-18 14:25:08,079] [INFO] [吉林云电脑] 正在访问登录页面...
[2025-09-18 14:25:12,819] [INFO] [吉林云电脑] 正在登录...
[2025-09-18 14:25:13,027] [INFO] [吉林云电脑] 账号输入完成
[2025-09-18 14:25:13,171] [INFO] [吉林云电脑] 密码输入完成
[2025-09-18 14:25:13,293] [INFO] [吉林云电脑] 已点击登录按钮
[2025-09-18 14:25:16,313] [INFO] [吉林云电脑] 无需验证码或验证码处理完成
[2025-09-18 14:25:16,313] [INFO] [吉林云电脑] 等待登录完成...
[2025-09-18 14:25:21,329] [INFO] [吉林云电脑] 当前页面URL: https://pc.ctyun.cn/#/desktop-list
[2025-09-18 14:25:21,329] [INFO] [吉林云电脑] 登录成功，已进入云桌面列表
[2025-09-18 14:25:21,340] [INFO] [吉林云电脑] 正在查找云桌面进入按钮...
[2025-09-18 14:25:21,359] [INFO] [吉林云电脑] 找到云桌面进入按钮（span元素）
[2025-09-18 14:25:21,360] [INFO] [吉林云电脑] 正在点击进入云桌面...
[2025-09-18 14:25:21,456] [INFO] [吉林云电脑] 等待云桌面加载...
[2025-09-18 14:25:22,466] [INFO] [吉林云电脑] 云桌面加载成功，URL: https://pc.ctyun.cn/#/desktop?id=MTMzMzcwMjc=
[2025-09-18 14:25:22,467] [INFO] [吉林云电脑] 等待云桌面完全加载，避免截图显示加载画面...
[2025-09-18 14:25:42,883] [INFO] [吉林云电脑] 截图已保存: static/吉林云电脑_18943535261_screenshot.png
[2025-09-18 14:25:42,893] [INFO] [吉林云电脑] 保活信号发送成功
[2025-09-18 14:25:42,899] [INFO] [吉林云电脑] 保活操作成功完成
[2025-09-18 14:25:44,094] [INFO] [吉林云电脑] 浏览器已关闭
[2025-09-18 14:25:44,094] [INFO] 等待 5 秒后处理下一个账号...
[2025-09-18 14:25:49,101] [INFO] 正在处理第 2/2 个账号: 河北衡水29
[2025-09-18 14:25:49,101] [INFO] 开始保活账号: 河北衡水29
[2025-09-18 14:25:49,114] [INFO] [河北衡水29] 正在启动浏览器...
[2025-09-18 14:25:49,122] [INFO] 使用本地Edge驱动: C:\Projects\ctyun_keepalive\msedgedriver.exe
[2025-09-18 14:25:50,418] [INFO] [河北衡水29] 正在访问登录页面...
[2025-09-18 14:25:54,793] [INFO] [河北衡水29] 正在登录...
[2025-09-18 14:25:54,987] [INFO] [河北衡水29] 账号输入完成
[2025-09-18 14:25:55,127] [INFO] [河北衡水29] 密码输入完成
[2025-09-18 14:25:55,246] [INFO] [河北衡水29] 已点击登录按钮
[2025-09-18 14:25:58,264] [INFO] [河北衡水29] 无需验证码或验证码处理完成
[2025-09-18 14:25:58,265] [INFO] [河北衡水29] 等待登录完成...
[2025-09-18 14:26:03,278] [INFO] [河北衡水29] 当前页面URL: https://pc.ctyun.cn/#/desktop-list
[2025-09-18 14:26:03,278] [INFO] [河北衡水29] 登录成功，已进入云桌面列表
[2025-09-18 14:26:03,289] [INFO] [河北衡水29] 正在查找云桌面进入按钮...
[2025-09-18 14:26:03,310] [INFO] [河北衡水29] 找到云桌面进入按钮（span元素）
[2025-09-18 14:26:03,310] [INFO] [河北衡水29] 正在点击进入云桌面...
[2025-09-18 14:26:03,424] [INFO] [河北衡水29] 等待云桌面加载...
[2025-09-18 14:26:04,431] [INFO] [河北衡水29] 云桌面加载成功，URL: https://pc.ctyun.cn/#/desktop?id=MTg2NjYwOTc=
[2025-09-18 14:26:04,432] [INFO] [河北衡水29] 等待云桌面完全加载，避免截图显示加载画面...
[2025-09-18 14:26:24,786] [INFO] [河北衡水29] 截图已保存: static/河北衡水29_18931814049_screenshot.png
[2025-09-18 14:26:24,796] [INFO] [河北衡水29] 保活信号发送成功
[2025-09-18 14:26:24,804] [INFO] [河北衡水29] 保活操作成功完成
[2025-09-18 14:26:25,963] [INFO] [河北衡水29] 浏览器已关闭
[2025-09-18 14:26:25,964] [INFO] 顺序保活完成，成功: 2/2
[2025-09-18 14:30:06,767] [INFO] 执行定时保活任务
[2025-09-18 14:30:06,769] [INFO] 开始顺序保活，共 2 个账号
[2025-09-18 14:30:06,775] [INFO] 正在处理第 1/2 个账号: 吉林云电脑
[2025-09-18 14:30:06,780] [INFO] 开始保活账号: 吉林云电脑
[2025-09-18 14:30:06,792] [INFO] [吉林云电脑] 正在启动浏览器...
[2025-09-18 14:30:06,798] [INFO] 使用本地Edge驱动: C:\Projects\ctyun_keepalive\msedgedriver.exe
[2025-09-18 14:30:08,120] [INFO] [吉林云电脑] 正在访问登录页面...
[2025-09-18 14:30:12,761] [INFO] [吉林云电脑] 正在登录...
[2025-09-18 14:30:12,983] [INFO] [吉林云电脑] 账号输入完成
[2025-09-18 14:30:13,153] [INFO] [吉林云电脑] 密码输入完成
[2025-09-18 14:30:13,271] [INFO] [吉林云电脑] 已点击登录按钮
[2025-09-18 14:30:16,290] [INFO] [吉林云电脑] 无需验证码或验证码处理完成
[2025-09-18 14:30:16,290] [INFO] [吉林云电脑] 等待登录完成...
[2025-09-18 14:30:21,305] [INFO] [吉林云电脑] 当前页面URL: https://pc.ctyun.cn/#/desktop-list
[2025-09-18 14:30:21,306] [INFO] [吉林云电脑] 登录成功，已进入云桌面列表
[2025-09-18 14:30:21,317] [INFO] [吉林云电脑] 正在查找云桌面进入按钮...
[2025-09-18 14:30:21,338] [INFO] [吉林云电脑] 找到云桌面进入按钮（span元素）
[2025-09-18 14:30:21,339] [INFO] [吉林云电脑] 正在点击进入云桌面...
[2025-09-18 14:30:21,442] [INFO] [吉林云电脑] 等待云桌面加载...
[2025-09-18 14:30:22,450] [INFO] [吉林云电脑] 云桌面加载成功，URL: https://pc.ctyun.cn/#/desktop?id=MTMzMzcwMjc=
[2025-09-18 14:30:22,450] [INFO] [吉林云电脑] 等待云桌面完全加载，避免截图显示加载画面...
[2025-09-18 14:30:42,791] [INFO] [吉林云电脑] 截图已保存: static/吉林云电脑_18943535261_screenshot.png
[2025-09-18 14:30:42,800] [INFO] [吉林云电脑] 保活信号发送成功
[2025-09-18 14:30:42,806] [INFO] [吉林云电脑] 保活操作成功完成
[2025-09-18 14:30:43,981] [INFO] [吉林云电脑] 浏览器已关闭
[2025-09-18 14:30:43,982] [INFO] 等待 5 秒后处理下一个账号...
[2025-09-18 14:30:48,988] [INFO] 正在处理第 2/2 个账号: 河北衡水29
[2025-09-18 14:30:48,988] [INFO] 开始保活账号: 河北衡水29
[2025-09-18 14:30:49,000] [INFO] [河北衡水29] 正在启动浏览器...
[2025-09-18 14:30:49,006] [INFO] 使用本地Edge驱动: C:\Projects\ctyun_keepalive\msedgedriver.exe
[2025-09-18 14:30:50,428] [INFO] [河北衡水29] 正在访问登录页面...
[2025-09-18 14:30:55,152] [INFO] [河北衡水29] 正在登录...
[2025-09-18 14:30:55,381] [INFO] [河北衡水29] 账号输入完成
[2025-09-18 14:30:55,523] [INFO] [河北衡水29] 密码输入完成
[2025-09-18 14:30:55,663] [INFO] [河北衡水29] 已点击登录按钮
[2025-09-18 14:30:58,683] [INFO] [河北衡水29] 无需验证码或验证码处理完成
[2025-09-18 14:30:58,684] [INFO] [河北衡水29] 等待登录完成...
[2025-09-18 14:31:03,702] [INFO] [河北衡水29] 当前页面URL: https://pc.ctyun.cn/#/desktop-list
[2025-09-18 14:31:03,702] [INFO] [河北衡水29] 登录成功，已进入云桌面列表
[2025-09-18 14:31:03,714] [INFO] [河北衡水29] 正在查找云桌面进入按钮...
[2025-09-18 14:31:03,734] [INFO] [河北衡水29] 找到云桌面进入按钮（span元素）
[2025-09-18 14:31:03,735] [INFO] [河北衡水29] 正在点击进入云桌面...
[2025-09-18 14:31:03,843] [INFO] [河北衡水29] 等待云桌面加载...
[2025-09-18 14:31:04,854] [INFO] [河北衡水29] 云桌面加载成功，URL: https://pc.ctyun.cn/#/desktop?id=MTg2NjYwOTc=
[2025-09-18 14:31:04,854] [INFO] [河北衡水29] 等待云桌面完全加载，避免截图显示加载画面...
[2025-09-18 14:31:25,197] [INFO] [河北衡水29] 截图已保存: static/河北衡水29_18931814049_screenshot.png
[2025-09-18 14:31:25,208] [INFO] [河北衡水29] 保活信号发送成功
[2025-09-18 14:31:25,216] [INFO] [河北衡水29] 保活操作成功完成
[2025-09-18 14:31:26,379] [INFO] [河北衡水29] 浏览器已关闭
[2025-09-18 14:31:26,380] [INFO] 顺序保活完成，成功: 2/2
[2025-09-18 14:35:06,777] [INFO] 执行定时保活任务
[2025-09-18 14:35:06,784] [INFO] 开始顺序保活，共 2 个账号
[2025-09-18 14:35:06,797] [INFO] 正在处理第 1/2 个账号: 吉林云电脑
[2025-09-18 14:35:06,806] [INFO] 开始保活账号: 吉林云电脑
[2025-09-18 14:35:06,823] [INFO] [吉林云电脑] 正在启动浏览器...
[2025-09-18 14:35:06,835] [INFO] 使用本地Edge驱动: C:\Projects\ctyun_keepalive\msedgedriver.exe
[2025-09-18 14:35:08,820] [INFO] [吉林云电脑] 正在访问登录页面...
[2025-09-18 14:35:14,104] [INFO] [吉林云电脑] 正在登录...
[2025-09-18 14:35:14,433] [INFO] [吉林云电脑] 账号输入完成
[2025-09-18 14:35:14,604] [INFO] [吉林云电脑] 密码输入完成
[2025-09-18 14:35:14,772] [INFO] [吉林云电脑] 已点击登录按钮
[2025-09-18 14:35:17,794] [INFO] [吉林云电脑] 无需验证码或验证码处理完成
[2025-09-18 14:35:17,795] [INFO] [吉林云电脑] 等待登录完成...
[2025-09-18 14:35:22,815] [INFO] [吉林云电脑] 当前页面URL: https://pc.ctyun.cn/#/desktop-list
[2025-09-18 14:35:22,817] [INFO] [吉林云电脑] 登录成功，已进入云桌面列表
[2025-09-18 14:35:22,831] [INFO] [吉林云电脑] 正在查找云桌面进入按钮...
[2025-09-18 14:35:22,861] [INFO] [吉林云电脑] 找到云桌面进入按钮（span元素）
[2025-09-18 14:35:22,861] [INFO] [吉林云电脑] 正在点击进入云桌面...
[2025-09-18 14:35:23,042] [INFO] [吉林云电脑] 等待云桌面加载...
[2025-09-18 14:35:24,066] [INFO] [吉林云电脑] 云桌面加载成功，URL: https://pc.ctyun.cn/#/desktop?id=MTMzMzcwMjc=
[2025-09-18 14:35:24,067] [INFO] [吉林云电脑] 等待云桌面完全加载，避免截图显示加载画面...
[2025-09-18 14:35:44,525] [INFO] [吉林云电脑] 截图已保存: static/吉林云电脑_18943535261_screenshot.png
[2025-09-18 14:35:44,542] [INFO] [吉林云电脑] 保活信号发送成功
[2025-09-18 14:35:44,562] [INFO] [吉林云电脑] 保活操作成功完成
[2025-09-18 14:35:45,828] [INFO] [吉林云电脑] 浏览器已关闭
[2025-09-18 14:35:45,829] [INFO] 等待 5 秒后处理下一个账号...
[2025-09-18 14:35:50,837] [INFO] 正在处理第 2/2 个账号: 河北衡水29
[2025-09-18 14:35:50,838] [INFO] 开始保活账号: 河北衡水29
[2025-09-18 14:35:50,851] [INFO] [河北衡水29] 正在启动浏览器...
[2025-09-18 14:35:50,864] [INFO] 使用本地Edge驱动: C:\Projects\ctyun_keepalive\msedgedriver.exe
[2025-09-18 14:35:52,403] [INFO] [河北衡水29] 正在访问登录页面...
[2025-09-18 14:35:57,009] [INFO] [河北衡水29] 正在登录...
[2025-09-18 14:35:57,274] [INFO] [河北衡水29] 账号输入完成
[2025-09-18 14:35:57,418] [INFO] [河北衡水29] 密码输入完成
[2025-09-18 14:35:57,552] [INFO] [河北衡水29] 已点击登录按钮
[2025-09-18 14:36:00,573] [INFO] [河北衡水29] 无需验证码或验证码处理完成
[2025-09-18 14:36:00,574] [INFO] [河北衡水29] 等待登录完成...
[2025-09-18 14:36:05,591] [INFO] [河北衡水29] 当前页面URL: https://pc.ctyun.cn/#/desktop-list
[2025-09-18 14:36:05,592] [INFO] [河北衡水29] 登录成功，已进入云桌面列表
[2025-09-18 14:36:05,606] [INFO] [河北衡水29] 正在查找云桌面进入按钮...
[2025-09-18 14:36:05,629] [INFO] [河北衡水29] 找到云桌面进入按钮（span元素）
[2025-09-18 14:36:05,629] [INFO] [河北衡水29] 正在点击进入云桌面...
[2025-09-18 14:36:05,763] [INFO] [河北衡水29] 等待云桌面加载...
[2025-09-18 14:36:06,791] [INFO] [河北衡水29] 云桌面加载成功，URL: https://pc.ctyun.cn/#/desktop?id=MTg2NjYwOTc=
[2025-09-18 14:36:06,792] [INFO] [河北衡水29] 等待云桌面完全加载，避免截图显示加载画面...
[2025-09-18 14:36:27,151] [INFO] [河北衡水29] 截图已保存: static/河北衡水29_18931814049_screenshot.png
[2025-09-18 14:36:27,165] [INFO] [河北衡水29] 保活信号发送成功
[2025-09-18 14:36:27,173] [INFO] [河北衡水29] 保活操作成功完成
[2025-09-18 14:36:28,401] [INFO] [河北衡水29] 浏览器已关闭
[2025-09-18 14:36:28,401] [INFO] 顺序保活完成，成功: 2/2
[2025-09-18 14:40:06,795] [INFO] 执行定时保活任务
[2025-09-18 14:40:06,800] [INFO] 开始顺序保活，共 2 个账号
[2025-09-18 14:40:06,809] [INFO] 正在处理第 1/2 个账号: 吉林云电脑
[2025-09-18 14:40:06,814] [INFO] 开始保活账号: 吉林云电脑
[2025-09-18 14:40:06,827] [INFO] [吉林云电脑] 正在启动浏览器...
[2025-09-18 14:40:06,835] [INFO] 使用本地Edge驱动: C:\Projects\ctyun_keepalive\msedgedriver.exe
[2025-09-18 14:40:08,377] [INFO] [吉林云电脑] 正在访问登录页面...
[2025-09-18 14:40:12,991] [INFO] [吉林云电脑] 正在登录...
[2025-09-18 14:40:13,247] [INFO] [吉林云电脑] 账号输入完成
[2025-09-18 14:40:13,406] [INFO] [吉林云电脑] 密码输入完成
[2025-09-18 14:40:13,545] [INFO] [吉林云电脑] 已点击登录按钮
[2025-09-18 14:40:16,566] [INFO] [吉林云电脑] 无需验证码或验证码处理完成
[2025-09-18 14:40:16,567] [INFO] [吉林云电脑] 等待登录完成...
[2025-09-18 14:40:21,584] [INFO] [吉林云电脑] 当前页面URL: https://pc.ctyun.cn/#/desktop-list
[2025-09-18 14:40:21,585] [INFO] [吉林云电脑] 登录成功，已进入云桌面列表
[2025-09-18 14:40:21,598] [INFO] [吉林云电脑] 正在查找云桌面进入按钮...
[2025-09-18 14:40:21,621] [INFO] [吉林云电脑] 找到云桌面进入按钮（span元素）
[2025-09-18 14:40:21,622] [INFO] [吉林云电脑] 正在点击进入云桌面...
[2025-09-18 14:40:21,733] [INFO] [吉林云电脑] 等待云桌面加载...
[2025-09-18 14:40:22,742] [INFO] [吉林云电脑] 云桌面加载成功，URL: https://pc.ctyun.cn/#/desktop?id=MTMzMzcwMjc=
[2025-09-18 14:40:22,743] [INFO] [吉林云电脑] 等待云桌面完全加载，避免截图显示加载画面...
[2025-09-18 14:40:43,163] [INFO] [吉林云电脑] 截图已保存: static/吉林云电脑_18943535261_screenshot.png
[2025-09-18 14:40:43,174] [INFO] [吉林云电脑] 保活信号发送成功
[2025-09-18 14:40:43,182] [INFO] [吉林云电脑] 保活操作成功完成
[2025-09-18 14:40:44,382] [INFO] [吉林云电脑] 浏览器已关闭
[2025-09-18 14:40:44,383] [INFO] 等待 5 秒后处理下一个账号...
[2025-09-18 14:40:49,391] [INFO] 正在处理第 2/2 个账号: 河北衡水29
[2025-09-18 14:40:49,392] [INFO] 开始保活账号: 河北衡水29
[2025-09-18 14:40:49,407] [INFO] [河北衡水29] 正在启动浏览器...
[2025-09-18 14:40:49,414] [INFO] 使用本地Edge驱动: C:\Projects\ctyun_keepalive\msedgedriver.exe
[2025-09-18 14:40:50,820] [INFO] [河北衡水29] 正在访问登录页面...
[2025-09-18 14:40:55,223] [INFO] [河北衡水29] 正在登录...
[2025-09-18 14:40:55,484] [INFO] [河北衡水29] 账号输入完成
[2025-09-18 14:40:55,615] [INFO] [河北衡水29] 密码输入完成
[2025-09-18 14:40:55,734] [INFO] [河北衡水29] 已点击登录按钮
[2025-09-18 14:40:58,752] [INFO] [河北衡水29] 无需验证码或验证码处理完成
[2025-09-18 14:40:58,753] [INFO] [河北衡水29] 等待登录完成...
[2025-09-18 14:41:03,768] [INFO] [河北衡水29] 当前页面URL: https://pc.ctyun.cn/#/desktop-list
[2025-09-18 14:41:03,769] [INFO] [河北衡水29] 登录成功，已进入云桌面列表
[2025-09-18 14:41:03,783] [INFO] [河北衡水29] 正在查找云桌面进入按钮...
[2025-09-18 14:41:03,808] [INFO] [河北衡水29] 找到云桌面进入按钮（span元素）
[2025-09-18 14:41:03,808] [INFO] [河北衡水29] 正在点击进入云桌面...
[2025-09-18 14:41:03,923] [INFO] [河北衡水29] 等待云桌面加载...
[2025-09-18 14:41:04,933] [INFO] [河北衡水29] 云桌面加载成功，URL: https://pc.ctyun.cn/#/desktop?id=MTg2NjYwOTc=
[2025-09-18 14:41:04,934] [INFO] [河北衡水29] 等待云桌面完全加载，避免截图显示加载画面...
[2025-09-18 14:41:25,281] [INFO] [河北衡水29] 截图已保存: static/河北衡水29_18931814049_screenshot.png
[2025-09-18 14:41:25,292] [INFO] [河北衡水29] 保活信号发送成功
[2025-09-18 14:41:25,299] [INFO] [河北衡水29] 保活操作成功完成
[2025-09-18 14:41:26,499] [INFO] [河北衡水29] 浏览器已关闭
[2025-09-18 14:41:26,499] [INFO] 顺序保活完成，成功: 2/2
[2025-09-18 14:45:06,808] [INFO] 执行定时保活任务
[2025-09-18 14:45:06,812] [INFO] 开始顺序保活，共 2 个账号
[2025-09-18 14:45:06,819] [INFO] 正在处理第 1/2 个账号: 吉林云电脑
[2025-09-18 14:45:06,827] [INFO] 开始保活账号: 吉林云电脑
[2025-09-18 14:45:06,842] [INFO] [吉林云电脑] 正在启动浏览器...
[2025-09-18 14:45:06,850] [INFO] 使用本地Edge驱动: C:\Projects\ctyun_keepalive\msedgedriver.exe
[2025-09-18 14:45:08,344] [INFO] [吉林云电脑] 正在访问登录页面...
[2025-09-18 14:45:12,744] [INFO] [吉林云电脑] 正在登录...
[2025-09-18 14:45:13,005] [INFO] [吉林云电脑] 账号输入完成
[2025-09-18 14:45:13,164] [INFO] [吉林云电脑] 密码输入完成
[2025-09-18 14:45:13,308] [INFO] [吉林云电脑] 已点击登录按钮
[2025-09-18 14:45:16,330] [INFO] [吉林云电脑] 无需验证码或验证码处理完成
[2025-09-18 14:45:16,330] [INFO] [吉林云电脑] 等待登录完成...
[2025-09-18 14:45:21,346] [INFO] [吉林云电脑] 当前页面URL: https://pc.ctyun.cn/#/desktop-list
[2025-09-18 14:45:21,347] [INFO] [吉林云电脑] 登录成功，已进入云桌面列表
[2025-09-18 14:45:21,360] [INFO] [吉林云电脑] 正在查找云桌面进入按钮...
[2025-09-18 14:45:21,383] [INFO] [吉林云电脑] 找到云桌面进入按钮（span元素）
[2025-09-18 14:45:21,383] [INFO] [吉林云电脑] 正在点击进入云桌面...
[2025-09-18 14:45:21,505] [INFO] [吉林云电脑] 等待云桌面加载...
[2025-09-18 14:45:22,529] [INFO] [吉林云电脑] 云桌面加载成功，URL: https://pc.ctyun.cn/#/desktop?id=MTMzMzcwMjc=
[2025-09-18 14:45:22,529] [INFO] [吉林云电脑] 等待云桌面完全加载，避免截图显示加载画面...
[2025-09-18 14:45:42,922] [INFO] [吉林云电脑] 截图已保存: static/吉林云电脑_18943535261_screenshot.png
[2025-09-18 14:45:42,933] [INFO] [吉林云电脑] 保活信号发送成功
[2025-09-18 14:45:42,941] [INFO] [吉林云电脑] 保活操作成功完成
[2025-09-18 14:45:44,117] [INFO] [吉林云电脑] 浏览器已关闭
[2025-09-18 14:45:44,118] [INFO] 等待 5 秒后处理下一个账号...
[2025-09-18 14:45:49,125] [INFO] 正在处理第 2/2 个账号: 河北衡水29
[2025-09-18 14:45:49,126] [INFO] 开始保活账号: 河北衡水29
[2025-09-18 14:45:49,143] [INFO] [河北衡水29] 正在启动浏览器...
[2025-09-18 14:45:49,150] [INFO] 使用本地Edge驱动: C:\Projects\ctyun_keepalive\msedgedriver.exe
[2025-09-18 14:45:50,620] [INFO] [河北衡水29] 正在访问登录页面...
[2025-09-18 14:45:55,015] [INFO] [河北衡水29] 正在登录...
[2025-09-18 14:45:55,300] [INFO] [河北衡水29] 账号输入完成
[2025-09-18 14:45:55,467] [INFO] [河北衡水29] 密码输入完成
[2025-09-18 14:45:55,623] [INFO] [河北衡水29] 已点击登录按钮
[2025-09-18 14:45:58,646] [INFO] [河北衡水29] 无需验证码或验证码处理完成
[2025-09-18 14:45:58,646] [INFO] [河北衡水29] 等待登录完成...
[2025-09-18 14:46:03,666] [INFO] [河北衡水29] 当前页面URL: https://pc.ctyun.cn/#/desktop-list
[2025-09-18 14:46:03,667] [INFO] [河北衡水29] 登录成功，已进入云桌面列表
[2025-09-18 14:46:03,679] [INFO] [河北衡水29] 正在查找云桌面进入按钮...
[2025-09-18 14:46:03,702] [INFO] [河北衡水29] 找到云桌面进入按钮（span元素）
[2025-09-18 14:46:03,703] [INFO] [河北衡水29] 正在点击进入云桌面...
[2025-09-18 14:46:03,836] [INFO] [河北衡水29] 等待云桌面加载...
[2025-09-18 14:46:04,845] [INFO] [河北衡水29] 云桌面加载成功，URL: https://pc.ctyun.cn/#/desktop?id=MTg2NjYwOTc=
[2025-09-18 14:46:04,845] [INFO] [河北衡水29] 等待云桌面完全加载，避免截图显示加载画面...
[2025-09-18 14:46:25,257] [INFO] [河北衡水29] 截图已保存: static/河北衡水29_18931814049_screenshot.png
[2025-09-18 14:46:25,273] [INFO] [河北衡水29] 保活信号发送成功
[2025-09-18 14:46:25,280] [INFO] [河北衡水29] 保活操作成功完成
[2025-09-18 14:46:26,527] [INFO] [河北衡水29] 浏览器已关闭
[2025-09-18 14:46:26,528] [INFO] 顺序保活完成，成功: 2/2
[2025-09-18 14:50:06,820] [INFO] 执行定时保活任务
[2025-09-18 14:50:06,824] [INFO] 开始顺序保活，共 2 个账号
[2025-09-18 14:50:06,832] [INFO] 正在处理第 1/2 个账号: 吉林云电脑
[2025-09-18 14:50:06,839] [INFO] 开始保活账号: 吉林云电脑
[2025-09-18 14:50:06,851] [INFO] [吉林云电脑] 正在启动浏览器...
[2025-09-18 14:50:06,858] [INFO] 使用本地Edge驱动: C:\Projects\ctyun_keepalive\msedgedriver.exe
[2025-09-18 14:50:08,372] [INFO] [吉林云电脑] 正在访问登录页面...
[2025-09-18 14:50:13,173] [INFO] [吉林云电脑] 正在登录...
[2025-09-18 14:50:13,437] [INFO] [吉林云电脑] 账号输入完成
[2025-09-18 14:50:13,580] [INFO] [吉林云电脑] 密码输入完成
[2025-09-18 14:50:13,706] [INFO] [吉林云电脑] 已点击登录按钮
[2025-09-18 14:50:16,725] [INFO] [吉林云电脑] 无需验证码或验证码处理完成
[2025-09-18 14:50:16,727] [INFO] [吉林云电脑] 等待登录完成...
[2025-09-18 14:50:21,744] [INFO] [吉林云电脑] 当前页面URL: https://pc.ctyun.cn/#/desktop-list
[2025-09-18 14:50:21,745] [INFO] [吉林云电脑] 登录成功，已进入云桌面列表
[2025-09-18 14:50:21,760] [INFO] [吉林云电脑] 正在查找云桌面进入按钮...
[2025-09-18 14:50:21,784] [INFO] [吉林云电脑] 找到云桌面进入按钮（span元素）
[2025-09-18 14:50:21,784] [INFO] [吉林云电脑] 正在点击进入云桌面...
[2025-09-18 14:50:21,893] [INFO] [吉林云电脑] 等待云桌面加载...
[2025-09-18 14:50:22,904] [INFO] [吉林云电脑] 云桌面加载成功，URL: https://pc.ctyun.cn/#/desktop?id=MTMzMzcwMjc=
[2025-09-18 14:50:22,904] [INFO] [吉林云电脑] 等待云桌面完全加载，避免截图显示加载画面...
[2025-09-18 14:50:43,305] [INFO] [吉林云电脑] 截图已保存: static/吉林云电脑_18943535261_screenshot.png
[2025-09-18 14:50:43,316] [INFO] [吉林云电脑] 保活信号发送成功
[2025-09-18 14:50:43,324] [INFO] [吉林云电脑] 保活操作成功完成
[2025-09-18 14:50:44,554] [INFO] [吉林云电脑] 浏览器已关闭
[2025-09-18 14:50:44,555] [INFO] 等待 5 秒后处理下一个账号...
[2025-09-18 14:50:49,562] [INFO] 正在处理第 2/2 个账号: 河北衡水29
[2025-09-18 14:50:49,562] [INFO] 开始保活账号: 河北衡水29
[2025-09-18 14:50:49,578] [INFO] [河北衡水29] 正在启动浏览器...
[2025-09-18 14:50:49,585] [INFO] 使用本地Edge驱动: C:\Projects\ctyun_keepalive\msedgedriver.exe
[2025-09-18 14:50:50,942] [INFO] [河北衡水29] 正在访问登录页面...
[2025-09-18 14:50:55,599] [INFO] [河北衡水29] 正在登录...
[2025-09-18 14:50:55,846] [INFO] [河北衡水29] 账号输入完成
[2025-09-18 14:50:55,992] [INFO] [河北衡水29] 密码输入完成
[2025-09-18 14:50:56,131] [INFO] [河北衡水29] 已点击登录按钮
[2025-09-18 14:50:59,153] [INFO] [河北衡水29] 无需验证码或验证码处理完成
[2025-09-18 14:50:59,154] [INFO] [河北衡水29] 等待登录完成...
[2025-09-18 14:51:04,171] [INFO] [河北衡水29] 当前页面URL: https://pc.ctyun.cn/#/desktop-list
[2025-09-18 14:51:04,171] [INFO] [河北衡水29] 登录成功，已进入云桌面列表
[2025-09-18 14:51:04,184] [INFO] [河北衡水29] 正在查找云桌面进入按钮...
[2025-09-18 14:51:04,207] [INFO] [河北衡水29] 找到云桌面进入按钮（span元素）
[2025-09-18 14:51:04,207] [INFO] [河北衡水29] 正在点击进入云桌面...
[2025-09-18 14:51:04,319] [INFO] [河北衡水29] 等待云桌面加载...
[2025-09-18 14:51:05,329] [INFO] [河北衡水29] 云桌面加载成功，URL: https://pc.ctyun.cn/#/desktop?id=MTg2NjYwOTc=
[2025-09-18 14:51:05,329] [INFO] [河北衡水29] 等待云桌面完全加载，避免截图显示加载画面...
[2025-09-18 14:51:25,676] [INFO] [河北衡水29] 截图已保存: static/河北衡水29_18931814049_screenshot.png
[2025-09-18 14:51:25,687] [INFO] [河北衡水29] 保活信号发送成功
[2025-09-18 14:51:25,695] [INFO] [河北衡水29] 保活操作成功完成
[2025-09-18 14:51:26,895] [INFO] [河北衡水29] 浏览器已关闭
[2025-09-18 14:51:26,896] [INFO] 顺序保活完成，成功: 2/2
[2025-09-18 14:54:43,236] [INFO] [调度器] 定时调度器已启动
[2025-09-18 14:54:43,239] [INFO] [调度器] 配置详情 - 间隔: 5分钟, 时间范围: 00:00-23:59, 周末保活: 启用
[2025-09-18 14:54:43,245] [INFO] [调度器] 下次执行时间: 2025-09-18 14:59:43.245778
[2025-09-18 14:54:54,091] [INFO] [调度器] 定时调度器已停止 - 2025-09-18 14:54:54
[2025-09-18 14:54:54,092] [INFO] [调度器] 定时调度器已启动
[2025-09-18 14:54:54,093] [INFO] [调度器] 配置详情 - 间隔: 5分钟, 时间范围: 00:00-23:59, 周末保活: 启用
[2025-09-18 14:54:54,094] [INFO] [调度器] 下次执行时间: 2025-09-18 14:59:54.093999
[2025-09-18 14:55:06,181] [INFO] [保活任务] 开始顺序保活，共 2 个账号 - 14:55:06
[2025-09-18 14:55:06,182] [INFO] [保活任务] 处理第 1/2 个账号: 吉林云电脑 (18943535261) - 14:55:06
[2025-09-18 14:55:06,208] [INFO] 开始保活账号: 吉林云电脑
[2025-09-18 14:55:06,248] [INFO] [吉林云电脑] 正在启动浏览器...
[2025-09-18 14:55:06,256] [INFO] 使用本地Edge驱动: C:\Projects\ctyun_keepalive\msedgedriver.exe
[2025-09-18 14:55:07,005] [INFO] 执行定时保活任务
[2025-09-18 14:55:07,008] [INFO] 开始顺序保活，共 2 个账号
[2025-09-18 14:55:07,015] [INFO] 正在处理第 1/2 个账号: 吉林云电脑
[2025-09-18 14:55:07,022] [INFO] 开始保活账号: 吉林云电脑
[2025-09-18 14:55:07,039] [INFO] [吉林云电脑] 正在启动浏览器...
[2025-09-18 14:55:07,048] [INFO] 使用本地Edge驱动: C:\Projects\ctyun_keepalive\msedgedriver.exe
[2025-09-18 14:55:07,822] [INFO] [吉林云电脑] 正在访问登录页面...
[2025-09-18 14:55:08,854] [INFO] [吉林云电脑] 正在访问登录页面...
[2025-09-18 14:55:12,667] [INFO] [吉林云电脑] 正在登录...
[2025-09-18 14:55:12,911] [INFO] [吉林云电脑] 账号输入完成
[2025-09-18 14:55:13,078] [INFO] [吉林云电脑] 密码输入完成
[2025-09-18 14:55:13,246] [INFO] [吉林云电脑] 已点击登录按钮
[2025-09-18 14:55:13,498] [INFO] [吉林云电脑] 正在登录...
[2025-09-18 14:55:13,805] [INFO] [吉林云电脑] 账号输入完成
[2025-09-18 14:55:13,995] [INFO] [吉林云电脑] 密码输入完成
[2025-09-18 14:55:14,138] [INFO] [吉林云电脑] 已点击登录按钮
[2025-09-18 14:55:16,269] [INFO] [吉林云电脑] 无需验证码或验证码处理完成
[2025-09-18 14:55:16,270] [INFO] [吉林云电脑] 等待登录完成...
[2025-09-18 14:55:17,159] [INFO] [吉林云电脑] 无需验证码或验证码处理完成
[2025-09-18 14:55:17,159] [INFO] [吉林云电脑] 等待登录完成...
[2025-09-18 14:55:21,303] [INFO] [吉林云电脑] 当前页面URL: https://pc.ctyun.cn/#/desktop-list
[2025-09-18 14:55:21,312] [INFO] [吉林云电脑] 登录成功，已进入云桌面列表
[2025-09-18 14:55:21,325] [INFO] [吉林云电脑] 正在查找云桌面进入按钮...
[2025-09-18 14:55:21,355] [INFO] [吉林云电脑] 找到云桌面进入按钮（span元素）
[2025-09-18 14:55:21,356] [INFO] [吉林云电脑] 正在点击进入云桌面...
[2025-09-18 14:55:21,476] [INFO] [吉林云电脑] 等待云桌面加载...
[2025-09-18 14:55:22,177] [INFO] [吉林云电脑] 当前页面URL: https://pc.ctyun.cn/#/desktop-list
[2025-09-18 14:55:22,178] [INFO] [吉林云电脑] 登录成功，已进入云桌面列表
[2025-09-18 14:55:22,193] [INFO] [吉林云电脑] 正在查找云桌面进入按钮...
[2025-09-18 14:55:22,219] [INFO] [吉林云电脑] 找到云桌面进入按钮（span元素）
[2025-09-18 14:55:22,220] [INFO] [吉林云电脑] 正在点击进入云桌面...
[2025-09-18 14:55:22,341] [INFO] [吉林云电脑] 等待云桌面加载...
[2025-09-18 14:55:22,679] [INFO] [吉林云电脑] 云桌面加载成功，URL: https://pc.ctyun.cn/#/desktop?id=MTMzMzcwMjc=
[2025-09-18 14:55:22,680] [INFO] [吉林云电脑] 等待云桌面完全加载，避免截图显示加载画面...
[2025-09-18 14:55:23,353] [INFO] [吉林云电脑] 云桌面加载成功，URL: https://pc.ctyun.cn/#/desktop?id=MTMzMzcwMjc=
[2025-09-18 14:55:23,353] [INFO] [吉林云电脑] 等待云桌面完全加载，避免截图显示加载画面...
[2025-09-18 14:55:28,108] [INFO] 定时调度器已停止
[2025-09-18 14:55:31,018] [INFO] [调度器] 定时调度器已停止 - 2025-09-18 14:55:31
[2025-09-18 15:38:17,847] [INFO] [调度器] 定时调度器已启动
[2025-09-18 15:38:17,847] [INFO] [调度器] 配置详情 - 间隔: 5分钟, 时间范围: 00:00-23:59, 周末保活: 启用
[2025-09-18 15:38:17,848] [INFO] [调度器] 下次执行时间: 2025-09-18 15:43:17.848806
[2025-09-18 15:38:21,187] [INFO] [保活任务] 开始顺序保活，共 2 个账号 - 15:38:21
[2025-09-18 15:38:21,189] [INFO] [保活任务] 处理第 1/2 个账号: 吉林云电脑 (18943535261) - 15:38:21
[2025-09-18 15:38:21,221] [INFO] 开始保活账号: 吉林云电脑
[2025-09-18 15:38:21,258] [INFO] [吉林云电脑] 正在启动浏览器...
[2025-09-18 15:38:21,297] [INFO] 使用本地Edge驱动: C:\Projects\ctyun_keepalive\msedgedriver.exe
[2025-09-18 15:38:23,122] [INFO] [吉林云电脑] 正在访问登录页面...
[2025-09-18 15:38:28,072] [INFO] [吉林云电脑] 正在登录...
[2025-09-18 15:38:28,420] [INFO] [吉林云电脑] 账号输入完成
[2025-09-18 15:38:28,634] [INFO] [吉林云电脑] 密码输入完成
[2025-09-18 15:38:28,859] [INFO] [吉林云电脑] 已点击登录按钮
[2025-09-18 15:38:31,885] [INFO] [吉林云电脑] 无需验证码或验证码处理完成
[2025-09-18 15:38:31,886] [INFO] [吉林云电脑] 等待登录完成...
[2025-09-18 15:38:36,907] [INFO] [吉林云电脑] 当前页面URL: https://pc.ctyun.cn/#/desktop-list
[2025-09-18 15:38:36,908] [INFO] [吉林云电脑] 登录成功，已进入云桌面列表
[2025-09-18 15:38:36,946] [INFO] [吉林云电脑] 正在查找云桌面进入按钮...
[2025-09-18 15:38:36,978] [INFO] [吉林云电脑] 找到云桌面进入按钮（span元素）
[2025-09-18 15:38:36,979] [INFO] [吉林云电脑] 正在点击进入云桌面...
[2025-09-18 15:38:37,109] [INFO] [吉林云电脑] 等待云桌面加载...
[2025-09-18 15:38:38,120] [INFO] [吉林云电脑] 云桌面加载成功，URL: https://pc.ctyun.cn/#/desktop?id=MTMzMzcwMjc=
[2025-09-18 15:38:38,121] [INFO] [吉林云电脑] 等待云桌面完全加载，避免截图显示加载画面...
[2025-09-18 15:38:58,571] [INFO] [吉林云电脑] 截图已保存: static/吉林云电脑_18943535261_screenshot.png
[2025-09-18 15:38:58,584] [INFO] [吉林云电脑] 保活信号发送成功
[2025-09-18 15:38:58,586] [INFO] [吉林云电脑] 保活操作成功完成
[2025-09-18 15:38:59,939] [INFO] [吉林云电脑] 浏览器已关闭
[2025-09-18 15:38:59,940] [INFO] [保活任务] ✓ 账号 吉林云电脑 保活成功 - 耗时: 38.8秒
[2025-09-18 15:38:59,942] [INFO] [保活任务] 等待 5 秒后处理下一个账号...
[2025-09-18 15:39:04,981] [INFO] [保活任务] 处理第 2/2 个账号: 河北衡水29 (18931814049) - 15:39:04
[2025-09-18 15:39:04,982] [INFO] 开始保活账号: 河北衡水29
[2025-09-18 15:39:04,994] [INFO] [河北衡水29] 正在启动浏览器...
[2025-09-18 15:39:04,997] [INFO] 使用本地Edge驱动: C:\Projects\ctyun_keepalive\msedgedriver.exe
[2025-09-18 15:39:06,545] [INFO] [河北衡水29] 正在访问登录页面...
[2025-09-18 15:39:11,292] [INFO] [河北衡水29] 正在登录...
[2025-09-18 15:39:11,592] [INFO] [河北衡水29] 账号输入完成
[2025-09-18 15:39:11,786] [INFO] [河北衡水29] 密码输入完成
[2025-09-18 15:39:11,934] [INFO] [河北衡水29] 已点击登录按钮
[2025-09-18 15:39:14,958] [INFO] [河北衡水29] 无需验证码或验证码处理完成
[2025-09-18 15:39:14,958] [INFO] [河北衡水29] 等待登录完成...
[2025-09-18 15:39:19,980] [INFO] [河北衡水29] 当前页面URL: https://pc.ctyun.cn/#/desktop-list
[2025-09-18 15:39:19,981] [INFO] [河北衡水29] 登录成功，已进入云桌面列表
[2025-09-18 15:39:19,985] [INFO] [河北衡水29] 正在查找云桌面进入按钮...
[2025-09-18 15:39:20,014] [INFO] [河北衡水29] 找到云桌面进入按钮（span元素）
[2025-09-18 15:39:20,015] [INFO] [河北衡水29] 正在点击进入云桌面...
[2025-09-18 15:39:20,182] [INFO] [河北衡水29] 等待云桌面加载...
[2025-09-18 15:39:21,197] [INFO] [河北衡水29] 云桌面加载成功，URL: https://pc.ctyun.cn/#/desktop?id=MTg2NjYwOTc=
[2025-09-18 15:39:21,197] [INFO] [河北衡水29] 等待云桌面完全加载，避免截图显示加载画面...
[2025-09-18 15:39:41,584] [INFO] [河北衡水29] 截图已保存: static/河北衡水29_18931814049_screenshot.png
[2025-09-18 15:39:41,597] [INFO] [河北衡水29] 保活信号发送成功
[2025-09-18 15:39:41,604] [INFO] [河北衡水29] 保活操作成功完成
[2025-09-18 15:39:42,912] [INFO] [河北衡水29] 浏览器已关闭
[2025-09-18 15:39:42,913] [INFO] [保活任务] ✓ 账号 河北衡水29 保活成功 - 耗时: 37.9秒
[2025-09-18 15:39:42,919] [INFO] [保活任务] 顺序保活完成 - 成功: 2/2, 总耗时: 81.7秒, 完成时间: 15:39:42
[2025-09-18 15:41:01,956] [INFO] [调度器] 定时调度器已启动
[2025-09-18 15:41:01,957] [INFO] [调度器] 配置详情 - 间隔: 5分钟, 时间范围: 00:00-23:59, 周末保活: 启用
[2025-09-18 15:41:01,958] [INFO] [调度器] 下次执行时间: 2025-09-18 15:46:01.958013
[2025-09-18 15:42:21,760] [INFO] [保活任务] 开始顺序保活，共 2 个账号 - 15:42:21
[2025-09-18 15:42:21,763] [INFO] [保活任务] 处理第 1/2 个账号: 吉林云电脑 (18943535261) - 15:42:21
[2025-09-18 15:42:21,812] [INFO] 开始保活账号: 吉林云电脑
[2025-09-18 15:42:21,846] [INFO] [吉林云电脑] 正在启动浏览器...
[2025-09-18 15:42:21,856] [INFO] 使用本地Edge驱动: C:\Projects\ctyun_keepalive\msedgedriver.exe
[2025-09-18 15:42:23,458] [INFO] [吉林云电脑] 正在访问登录页面...
[2025-09-18 15:42:28,007] [INFO] [吉林云电脑] 正在登录...
[2025-09-18 15:42:28,297] [INFO] [吉林云电脑] 账号输入完成
[2025-09-18 15:42:28,473] [INFO] [吉林云电脑] 密码输入完成
[2025-09-18 15:42:28,619] [INFO] [吉林云电脑] 已点击登录按钮
[2025-09-18 15:42:31,641] [INFO] [吉林云电脑] 无需验证码或验证码处理完成
[2025-09-18 15:42:31,642] [INFO] [吉林云电脑] 等待登录完成...
[2025-09-18 15:42:36,660] [INFO] [吉林云电脑] 当前页面URL: https://pc.ctyun.cn/#/desktop-list
[2025-09-18 15:42:36,661] [INFO] [吉林云电脑] 登录成功，已进入云桌面列表
[2025-09-18 15:42:36,673] [INFO] [吉林云电脑] 正在查找云桌面进入按钮...
[2025-09-18 15:42:36,697] [INFO] [吉林云电脑] 找到云桌面进入按钮（span元素）
[2025-09-18 15:42:36,698] [INFO] [吉林云电脑] 正在点击进入云桌面...
[2025-09-18 15:42:36,833] [INFO] [吉林云电脑] 等待云桌面加载...
[2025-09-18 15:42:38,863] [INFO] [吉林云电脑] 云桌面加载成功，URL: https://pc.ctyun.cn/#/desktop?id=MTMzMzcwMjc=
[2025-09-18 15:42:38,864] [INFO] [吉林云电脑] 等待云桌面完全加载，避免截图显示加载画面...
[2025-09-18 15:42:59,262] [INFO] [吉林云电脑] 截图已保存: static/吉林云电脑_18943535261_screenshot.png
[2025-09-18 15:42:59,274] [INFO] [吉林云电脑] 保活信号发送成功
[2025-09-18 15:42:59,276] [INFO] [吉林云电脑] 保活操作成功完成
[2025-09-18 15:43:00,547] [INFO] [吉林云电脑] 浏览器已关闭
[2025-09-18 15:43:00,548] [INFO] [保活任务] ✓ 账号 吉林云电脑 保活成功 - 耗时: 38.8秒
[2025-09-18 15:43:00,549] [INFO] [保活任务] 等待 5 秒后处理下一个账号...
[2025-09-18 15:43:05,580] [INFO] [保活任务] 处理第 2/2 个账号: 河北衡水29 (18931814049) - 15:43:05
[2025-09-18 15:43:05,580] [INFO] 开始保活账号: 河北衡水29
[2025-09-18 15:43:05,592] [INFO] [河北衡水29] 正在启动浏览器...
[2025-09-18 15:43:05,595] [INFO] 使用本地Edge驱动: C:\Projects\ctyun_keepalive\msedgedriver.exe
[2025-09-18 15:43:07,012] [INFO] [河北衡水29] 正在访问登录页面...
[2025-09-18 15:43:11,576] [INFO] [河北衡水29] 正在登录...
[2025-09-18 15:43:11,836] [INFO] [河北衡水29] 账号输入完成
[2025-09-18 15:43:12,044] [INFO] [河北衡水29] 密码输入完成
[2025-09-18 15:43:12,255] [INFO] [河北衡水29] 已点击登录按钮
[2025-09-18 15:43:15,284] [INFO] [河北衡水29] 无需验证码或验证码处理完成
[2025-09-18 15:43:15,285] [INFO] [河北衡水29] 等待登录完成...
[2025-09-18 15:43:20,299] [INFO] [河北衡水29] 当前页面URL: https://pc.ctyun.cn/#/desktop-list
[2025-09-18 15:43:20,300] [INFO] [河北衡水29] 登录成功，已进入云桌面列表
[2025-09-18 15:43:20,304] [INFO] [河北衡水29] 正在查找云桌面进入按钮...
[2025-09-18 15:43:20,329] [INFO] [河北衡水29] 找到云桌面进入按钮（span元素）
[2025-09-18 15:43:20,330] [INFO] [河北衡水29] 正在点击进入云桌面...
[2025-09-18 15:43:20,496] [INFO] [河北衡水29] 等待云桌面加载...
[2025-09-18 15:43:21,517] [INFO] [河北衡水29] 云桌面加载成功，URL: https://pc.ctyun.cn/#/desktop?id=MTg2NjYwOTc=
[2025-09-18 15:43:21,518] [INFO] [河北衡水29] 等待云桌面完全加载，避免截图显示加载画面...
[2025-09-18 15:43:41,913] [INFO] [河北衡水29] 截图已保存: static/河北衡水29_18931814049_screenshot.png
[2025-09-18 15:43:41,927] [INFO] [河北衡水29] 保活信号发送成功
[2025-09-18 15:43:41,938] [INFO] [河北衡水29] 保活操作成功完成
[2025-09-18 15:43:43,187] [INFO] [河北衡水29] 浏览器已关闭
[2025-09-18 15:43:43,188] [INFO] [保活任务] ✓ 账号 河北衡水29 保活成功 - 耗时: 37.6秒
[2025-09-18 15:43:43,196] [INFO] [保活任务] 顺序保活完成 - 成功: 2/2, 总耗时: 81.4秒, 完成时间: 15:43:43
[2025-09-18 15:44:05,652] [INFO] [调度器] 定时调度器已启动
[2025-09-18 15:44:05,653] [INFO] [调度器] 配置详情 - 间隔: 5分钟, 时间范围: 00:00-23:59, 周末保活: 启用
[2025-09-18 15:44:05,654] [INFO] [调度器] 下次执行时间: 2025-09-18 15:49:05.654266
[2025-09-18 15:54:47,826] [INFO] [调度器] 定时调度器已启动
[2025-09-18 15:54:47,827] [INFO] [调度器] 配置详情 - 间隔: 5分钟, 时间范围: 00:00-23:59, 周末保活: 启用
[2025-09-18 15:54:47,827] [INFO] [调度器] 立即执行首次保活任务
[2025-09-18 15:54:47,828] [INFO] [调度器] 触发定时保活任务 - 2025-09-18 15:54:47
[2025-09-18 15:54:47,829] [INFO] [调度器] 下次执行时间: 2025-09-18 15:59:47.829029
[2025-09-18 15:54:47,994] [INFO] [调度器] 时间检查 - 当前: 15:54, 范围: 00:00-23:59, 24小时模式: 是
[2025-09-18 15:54:47,996] [INFO] [调度器] 准备执行保活 - 启用账号数: 2
[2025-09-18 15:54:48,048] [INFO] [调度器] 开始执行定时保活任务
[2025-09-18 15:54:48,077] [INFO] [保活任务] 开始顺序保活，共 2 个账号 - 15:54:48
[2025-09-18 15:54:48,081] [INFO] [保活任务] 处理第 1/2 个账号: 吉林云电脑 (18943535261) - 15:54:48
[2025-09-18 15:54:48,092] [INFO] 开始保活账号: 吉林云电脑
[2025-09-18 15:54:48,118] [INFO] [吉林云电脑] 正在启动浏览器...
[2025-09-18 15:54:48,129] [INFO] 使用本地Edge驱动: C:\Projects\ctyun_keepalive\msedgedriver.exe
[2025-09-18 15:54:50,005] [INFO] [吉林云电脑] 正在访问登录页面...
[2025-09-18 15:54:54,819] [INFO] [吉林云电脑] 正在登录...
[2025-09-18 15:54:55,307] [INFO] [吉林云电脑] 账号输入完成
[2025-09-18 15:54:55,505] [INFO] [吉林云电脑] 密码输入完成
[2025-09-18 15:54:55,736] [INFO] [吉林云电脑] 已点击登录按钮
[2025-09-18 15:54:58,808] [INFO] [吉林云电脑] 无需验证码或验证码处理完成
[2025-09-18 15:54:58,809] [INFO] [吉林云电脑] 等待登录完成...
[2025-09-18 15:55:03,825] [INFO] [吉林云电脑] 当前页面URL: https://pc.ctyun.cn/#/desktop-list
[2025-09-18 15:55:03,826] [INFO] [吉林云电脑] 登录成功，已进入云桌面列表
[2025-09-18 15:55:03,835] [INFO] [吉林云电脑] 正在查找云桌面进入按钮...
[2025-09-18 15:55:03,857] [INFO] [吉林云电脑] 找到云桌面进入按钮（span元素）
[2025-09-18 15:55:03,858] [INFO] [吉林云电脑] 正在点击进入云桌面...
[2025-09-18 15:55:03,982] [INFO] [吉林云电脑] 等待云桌面加载...
[2025-09-18 15:55:05,021] [INFO] [吉林云电脑] 云桌面加载成功，URL: https://pc.ctyun.cn/#/desktop?id=MTMzMzcwMjc=
[2025-09-18 15:55:05,022] [INFO] [吉林云电脑] 等待云桌面完全加载，避免截图显示加载画面...
[2025-09-18 15:55:25,474] [INFO] [吉林云电脑] 截图已保存: static/吉林云电脑_18943535261_screenshot.png
[2025-09-18 15:55:25,486] [INFO] [吉林云电脑] 保活信号发送成功
[2025-09-18 15:55:25,491] [INFO] [吉林云电脑] 保活操作成功完成
[2025-09-18 15:55:26,767] [INFO] [吉林云电脑] 浏览器已关闭
[2025-09-18 15:55:26,768] [INFO] [保活任务] ✓ 账号 吉林云电脑 保活成功 - 耗时: 38.7秒
[2025-09-18 15:55:26,772] [INFO] [保活任务] 等待 5 秒后处理下一个账号...
[2025-09-18 15:55:32,038] [INFO] [保活任务] 处理第 2/2 个账号: 河北衡水29 (18931814049) - 15:55:32
[2025-09-18 15:55:32,039] [INFO] 开始保活账号: 河北衡水29
[2025-09-18 15:55:32,057] [INFO] [河北衡水29] 正在启动浏览器...
[2025-09-18 15:55:32,064] [INFO] 使用本地Edge驱动: C:\Projects\ctyun_keepalive\msedgedriver.exe
[2025-09-18 15:55:33,510] [INFO] [河北衡水29] 正在访问登录页面...
[2025-09-18 15:55:38,570] [INFO] [河北衡水29] 正在登录...
[2025-09-18 15:55:38,838] [INFO] [河北衡水29] 账号输入完成
[2025-09-18 15:55:39,040] [INFO] [河北衡水29] 密码输入完成
[2025-09-18 15:55:39,208] [INFO] [河北衡水29] 已点击登录按钮
[2025-09-18 15:55:42,230] [INFO] [河北衡水29] 无需验证码或验证码处理完成
[2025-09-18 15:55:42,231] [INFO] [河北衡水29] 等待登录完成...
[2025-09-18 15:55:47,243] [INFO] [河北衡水29] 当前页面URL: https://pc.ctyun.cn/#/desktop-list
[2025-09-18 15:55:47,244] [INFO] [河北衡水29] 登录成功，已进入云桌面列表
[2025-09-18 15:55:47,251] [INFO] [河北衡水29] 正在查找云桌面进入按钮...
[2025-09-18 15:55:47,277] [INFO] [河北衡水29] 找到云桌面进入按钮（span元素）
[2025-09-18 15:55:47,278] [INFO] [河北衡水29] 正在点击进入云桌面...
[2025-09-18 15:55:47,400] [INFO] [河北衡水29] 等待云桌面加载...
[2025-09-18 15:55:48,408] [INFO] [河北衡水29] 云桌面加载成功，URL: https://pc.ctyun.cn/#/desktop?id=MTg2NjYwOTc=
[2025-09-18 15:55:48,409] [INFO] [河北衡水29] 等待云桌面完全加载，避免截图显示加载画面...
[2025-09-18 15:56:08,740] [INFO] [河北衡水29] 截图已保存: static/河北衡水29_18931814049_screenshot.png
[2025-09-18 15:56:08,750] [INFO] [河北衡水29] 保活信号发送成功
[2025-09-18 15:56:08,756] [INFO] [河北衡水29] 保活操作成功完成
[2025-09-18 15:56:10,005] [INFO] [河北衡水29] 浏览器已关闭
[2025-09-18 15:56:10,006] [INFO] [保活任务] ✓ 账号 河北衡水29 保活成功 - 耗时: 38.0秒
[2025-09-18 15:56:10,009] [INFO] [保活任务] 顺序保活完成 - 成功: 2/2, 总耗时: 81.9秒, 完成时间: 15:56:10
